mode: atomic
github.com/milvus-io/milvus/internal/querynode/task_queue.go:56.49,58.2 1 1
github.com/milvus-io/milvus/internal/querynode/task_queue.go:60.44,62.2 1 0
github.com/milvus-io/milvus/internal/querynode/task_queue.go:64.43,66.2 1 0
github.com/milvus-io/milvus/internal/querynode/task_queue.go:68.59,72.20 3 0
github.com/milvus-io/milvus/internal/querynode/task_queue.go:76.2,76.36 1 0
github.com/milvus-io/milvus/internal/querynode/task_queue.go:82.2,82.74 1 0
github.com/milvus-io/milvus/internal/querynode/task_queue.go:88.2,88.63 1 0
github.com/milvus-io/milvus/internal/querynode/task_queue.go:95.2,95.58 1 0
github.com/milvus-io/milvus/internal/querynode/task_queue.go:72.20,74.3 1 0
github.com/milvus-io/milvus/internal/querynode/task_queue.go:76.36,80.3 3 0
github.com/milvus-io/milvus/internal/querynode/task_queue.go:82.74,86.3 3 0
github.com/milvus-io/milvus/internal/querynode/task_queue.go:88.63,89.50 1 0
github.com/milvus-io/milvus/internal/querynode/task_queue.go:89.50,93.4 3 0
github.com/milvus-io/milvus/internal/querynode/task_queue.go:98.52,102.36 3 0
github.com/milvus-io/milvus/internal/querynode/task_queue.go:107.2,110.24 3 0
github.com/milvus-io/milvus/internal/querynode/task_queue.go:102.36,105.3 2 0
github.com/milvus-io/milvus/internal/querynode/task_queue.go:113.51,119.8 5 0
github.com/milvus-io/milvus/internal/querynode/task_queue.go:123.2,123.28 1 0
github.com/milvus-io/milvus/internal/querynode/task_queue.go:119.8,121.3 1 0
github.com/milvus-io/milvus/internal/querynode/task_queue.go:126.62,131.8 4 0
github.com/milvus-io/milvus/internal/querynode/task_queue.go:135.2,136.12 2 0
github.com/milvus-io/milvus/internal/querynode/task_queue.go:131.8,134.3 2 0
github.com/milvus-io/milvus/internal/querynode/task_queue.go:139.51,141.16 2 0
github.com/milvus-io/milvus/internal/querynode/task_queue.go:144.2,144.33 1 0
github.com/milvus-io/milvus/internal/querynode/task_queue.go:141.16,143.3 1 0
github.com/milvus-io/milvus/internal/querynode/task_queue.go:148.61,152.2 3 0
github.com/milvus-io/milvus/internal/querynode/task_queue.go:154.84,164.2 1 23
github.com/milvus-io/milvus/internal/querynode/task_scheduler.go:29.59,37.2 4 23
github.com/milvus-io/milvus/internal/querynode/task_scheduler.go:39.58,43.15 2 0
github.com/milvus-io/milvus/internal/querynode/task_scheduler.go:46.2,46.16 1 0
github.com/milvus-io/milvus/internal/querynode/task_scheduler.go:51.2,52.15 2 0
github.com/milvus-io/milvus/internal/querynode/task_scheduler.go:56.2,57.16 2 0
github.com/milvus-io/milvus/internal/querynode/task_scheduler.go:61.2,61.28 1 0
github.com/milvus-io/milvus/internal/querynode/task_scheduler.go:43.15,45.3 1 0
github.com/milvus-io/milvus/internal/querynode/task_scheduler.go:46.16,49.3 2 0
github.com/milvus-io/milvus/internal/querynode/task_scheduler.go:52.15,54.3 1 0
github.com/milvus-io/milvus/internal/querynode/task_scheduler.go:57.16,60.3 2 0
github.com/milvus-io/milvus/internal/querynode/task_scheduler.go:64.46,66.6 2 1
github.com/milvus-io/milvus/internal/querynode/task_scheduler.go:66.6,67.10 1 1
github.com/milvus-io/milvus/internal/querynode/task_scheduler.go:68.23,69.10 1 1
github.com/milvus-io/milvus/internal/querynode/task_scheduler.go:70.27,71.26 1 0
github.com/milvus-io/milvus/internal/querynode/task_scheduler.go:71.26,74.5 2 0
github.com/milvus-io/milvus/internal/querynode/task_scheduler.go:79.33,82.2 2 1
github.com/milvus-io/milvus/internal/querynode/task_scheduler.go:84.33,87.2 2 0
github.com/milvus-io/milvus/internal/querynode/tsafe.go:22.38,26.2 1 1
github.com/milvus-io/milvus/internal/querynode/tsafe.go:28.39,29.34 1 1
github.com/milvus-io/milvus/internal/querynode/tsafe.go:29.34,31.3 1 1
github.com/milvus-io/milvus/internal/querynode/tsafe.go:35.42,37.2 1 1
github.com/milvus-io/milvus/internal/querynode/tsafe.go:39.56,41.2 1 0
github.com/milvus-io/milvus/internal/querynode/tsafe.go:56.24,61.2 2 1
github.com/milvus-io/milvus/internal/querynode/tsafe.go:63.56,67.2 3 1
github.com/milvus-io/milvus/internal/querynode/tsafe.go:69.34,73.2 3 1
github.com/milvus-io/milvus/internal/querynode/tsafe.go:75.35,80.41 4 1
github.com/milvus-io/milvus/internal/querynode/tsafe.go:80.41,82.3 1 1
github.com/milvus-io/milvus/internal/querynode/tsafe.go:85.26,89.41 3 0
github.com/milvus-io/milvus/internal/querynode/tsafe.go:89.41,91.3 1 0
github.com/milvus-io/milvus/internal/querynode/flow_graph_query_node.go:43.49,71.16 12 1
github.com/milvus-io/milvus/internal/querynode/flow_graph_query_node.go:76.2,80.16 2 1
github.com/milvus-io/milvus/internal/querynode/flow_graph_query_node.go:85.2,89.16 2 1
github.com/milvus-io/milvus/internal/querynode/flow_graph_query_node.go:94.2,98.16 2 1
github.com/milvus-io/milvus/internal/querynode/flow_graph_query_node.go:102.2,102.10 1 1
github.com/milvus-io/milvus/internal/querynode/flow_graph_query_node.go:71.16,73.3 1 0
github.com/milvus-io/milvus/internal/querynode/flow_graph_query_node.go:80.16,82.3 1 0
github.com/milvus-io/milvus/internal/querynode/flow_graph_query_node.go:89.16,91.3 1 0
github.com/milvus-io/milvus/internal/querynode/flow_graph_query_node.go:98.16,100.3 1 0
github.com/milvus-io/milvus/internal/querynode/flow_graph_query_node.go:105.114,107.16 2 1
github.com/milvus-io/milvus/internal/querynode/flow_graph_query_node.go:113.2,117.13 4 1
github.com/milvus-io/milvus/internal/querynode/flow_graph_query_node.go:107.16,109.3 1 0
github.com/milvus-io/milvus/internal/querynode/flow_graph_query_node.go:109.8,111.3 1 1
github.com/milvus-io/milvus/internal/querynode/flow_graph_query_node.go:120.96,121.24 1 0
github.com/milvus-io/milvus/internal/querynode/flow_graph_query_node.go:124.2,126.12 3 0
github.com/milvus-io/milvus/internal/querynode/flow_graph_query_node.go:121.24,123.3 1 0
github.com/milvus-io/milvus/internal/querynode/flow_graph_query_node.go:129.93,132.2 2 0
github.com/milvus-io/milvus/internal/querynode/flow_graph_query_node.go:134.38,142.2 3 0
github.com/milvus-io/milvus/internal/querynode/historical.go:31.41,41.2 4 23
github.com/milvus-io/milvus/internal/querynode/historical.go:43.30,46.2 2 1
github.com/milvus-io/milvus/internal/querynode/historical.go:48.30,54.2 3 23
github.com/milvus-io/milvus/internal/querynode/load_index_info.go:37.49,42.20 4 2
github.com/milvus-io/milvus/internal/querynode/load_index_info.go:47.2,47.60 1 2
github.com/milvus-io/milvus/internal/querynode/load_index_info.go:42.20,46.3 3 0
github.com/milvus-io/milvus/internal/querynode/load_index_info.go:50.47,52.2 1 2
github.com/milvus-io/milvus/internal/querynode/load_index_info.go:54.85,62.20 7 12
github.com/milvus-io/milvus/internal/querynode/load_index_info.go:67.2,67.12 1 12
github.com/milvus-io/milvus/internal/querynode/load_index_info.go:62.20,66.3 3 0
github.com/milvus-io/milvus/internal/querynode/load_index_info.go:70.63,75.20 4 2
github.com/milvus-io/milvus/internal/querynode/load_index_info.go:80.2,80.12 1 2
github.com/milvus-io/milvus/internal/querynode/load_index_info.go:75.20,79.3 3 0
github.com/milvus-io/milvus/internal/querynode/load_index_info.go:83.85,89.20 5 2
github.com/milvus-io/milvus/internal/querynode/load_index_info.go:95.2,95.39 1 2
github.com/milvus-io/milvus/internal/querynode/load_index_info.go:108.2,108.20 1 2
github.com/milvus-io/milvus/internal/querynode/load_index_info.go:114.2,116.20 3 2
github.com/milvus-io/milvus/internal/querynode/load_index_info.go:122.2,122.12 1 2
github.com/milvus-io/milvus/internal/querynode/load_index_info.go:89.20,93.3 3 0
github.com/milvus-io/milvus/internal/querynode/load_index_info.go:95.39,104.21 9 2
github.com/milvus-io/milvus/internal/querynode/load_index_info.go:104.21,105.9 1 0
github.com/milvus-io/milvus/internal/querynode/load_index_info.go:108.20,112.3 3 0
github.com/milvus-io/milvus/internal/querynode/load_index_info.go:116.20,120.3 3 0
github.com/milvus-io/milvus/internal/querynode/search_service.go:47.44,53.84 4 3
github.com/milvus-io/milvus/internal/querynode/search_service.go:64.2,78.3 2 3
github.com/milvus-io/milvus/internal/querynode/search_service.go:53.84,62.3 7 0
github.com/milvus-io/milvus/internal/querynode/search_service.go:81.33,87.2 5 3
github.com/milvus-io/milvus/internal/querynode/search_service.go:89.70,91.64 1 0
github.com/milvus-io/milvus/internal/querynode/search_service.go:97.2,97.12 1 0
github.com/milvus-io/milvus/internal/querynode/search_service.go:91.64,95.3 3 0
github.com/milvus-io/milvus/internal/querynode/search_service.go:100.41,101.6 1 3
github.com/milvus-io/milvus/internal/querynode/search_service.go:101.6,102.10 1 6
github.com/milvus-io/milvus/internal/querynode/search_service.go:103.23,104.10 1 3
github.com/milvus-io/milvus/internal/querynode/search_service.go:105.11,107.48 2 3
github.com/milvus-io/milvus/internal/querynode/search_service.go:118.4,118.37 1 0
github.com/milvus-io/milvus/internal/querynode/search_service.go:107.48,110.23 3 3
github.com/milvus-io/milvus/internal/querynode/search_service.go:113.5,116.13 2 3
github.com/milvus-io/milvus/internal/querynode/search_service.go:110.23,112.6 1 0
github.com/milvus-io/milvus/internal/querynode/search_service.go:118.37,120.12 2 0
github.com/milvus-io/milvus/internal/querynode/search_service.go:123.5,129.19 5 0
github.com/milvus-io/milvus/internal/querynode/search_service.go:136.5,137.12 2 0
github.com/milvus-io/milvus/internal/querynode/search_service.go:142.5,143.16 2 0
github.com/milvus-io/milvus/internal/querynode/search_service.go:120.12,121.14 1 0
github.com/milvus-io/milvus/internal/querynode/search_service.go:129.19,134.14 3 0
github.com/milvus-io/milvus/internal/querynode/search_service.go:137.12,141.6 2 0
github.com/milvus-io/milvus/internal/querynode/search_service.go:149.33,151.30 2 3
github.com/milvus-io/milvus/internal/querynode/search_service.go:154.2,154.36 1 3
github.com/milvus-io/milvus/internal/querynode/search_service.go:157.2,157.48 1 3
github.com/milvus-io/milvus/internal/querynode/search_service.go:160.2,161.12 2 3
github.com/milvus-io/milvus/internal/querynode/search_service.go:151.30,153.3 1 3
github.com/milvus-io/milvus/internal/querynode/search_service.go:154.36,156.3 1 3
github.com/milvus-io/milvus/internal/querynode/search_service.go:157.48,159.3 1 2
github.com/milvus-io/milvus/internal/querynode/search_service.go:164.70,175.2 4 2
github.com/milvus-io/milvus/internal/querynode/search_service.go:177.54,188.2 4 3
github.com/milvus-io/milvus/internal/querynode/search_service.go:190.73,193.2 2 0
github.com/milvus-io/milvus/internal/querynode/search_service.go:195.69,197.9 2 2
github.com/milvus-io/milvus/internal/querynode/search_service.go:200.2,201.43 2 2
github.com/milvus-io/milvus/internal/querynode/search_service.go:197.9,199.3 1 0
github.com/milvus-io/milvus/internal/querynode/retrieve_collection.go:63.64,87.2 6 0
github.com/milvus-io/milvus/internal/querynode/retrieve_collection.go:89.62,93.2 3 0
github.com/milvus-io/milvus/internal/querynode/retrieve_collection.go:95.63,98.35 3 0
github.com/milvus-io/milvus/internal/querynode/retrieve_collection.go:104.2,104.34 1 0
github.com/milvus-io/milvus/internal/querynode/retrieve_collection.go:98.35,101.3 2 0
github.com/milvus-io/milvus/internal/querynode/retrieve_collection.go:101.8,103.3 1 0
github.com/milvus-io/milvus/internal/querynode/retrieve_collection.go:107.56,110.13 2 0
github.com/milvus-io/milvus/internal/querynode/retrieve_collection.go:114.2,115.40 2 0
github.com/milvus-io/milvus/internal/querynode/retrieve_collection.go:121.2,121.10 1 0
github.com/milvus-io/milvus/internal/querynode/retrieve_collection.go:110.13,113.3 2 0
github.com/milvus-io/milvus/internal/querynode/retrieve_collection.go:115.40,117.14 2 0
github.com/milvus-io/milvus/internal/querynode/retrieve_collection.go:117.14,119.4 1 0
github.com/milvus-io/milvus/internal/querynode/retrieve_collection.go:124.39,127.2 2 0
github.com/milvus-io/milvus/internal/querynode/retrieve_collection.go:129.42,132.16 2 0
github.com/milvus-io/milvus/internal/querynode/retrieve_collection.go:137.2,138.60 2 0
github.com/milvus-io/milvus/internal/querynode/retrieve_collection.go:132.16,135.3 2 0
github.com/milvus-io/milvus/internal/querynode/retrieve_collection.go:138.60,146.3 4 0
github.com/milvus-io/milvus/internal/querynode/retrieve_collection.go:149.76,153.2 3 0
github.com/milvus-io/milvus/internal/querynode/retrieve_collection.go:155.52,156.6 1 0
github.com/milvus-io/milvus/internal/querynode/retrieve_collection.go:156.6,157.10 1 0
github.com/milvus-io/milvus/internal/querynode/retrieve_collection.go:158.31,160.10 2 0
github.com/milvus-io/milvus/internal/querynode/retrieve_collection.go:161.29,171.34 5 0
github.com/milvus-io/milvus/internal/querynode/retrieve_collection.go:194.4,201.18 3 0
github.com/milvus-io/milvus/internal/querynode/retrieve_collection.go:223.4,229.15 2 0
github.com/milvus-io/milvus/internal/querynode/retrieve_collection.go:171.34,191.13 7 0
github.com/milvus-io/milvus/internal/querynode/retrieve_collection.go:201.18,214.20 4 0
github.com/milvus-io/milvus/internal/querynode/retrieve_collection.go:214.20,220.6 1 0
github.com/milvus-io/milvus/internal/querynode/retrieve_collection.go:234.55,235.6 1 0
github.com/milvus-io/milvus/internal/querynode/retrieve_collection.go:235.6,236.10 1 0
github.com/milvus-io/milvus/internal/querynode/retrieve_collection.go:237.31,239.10 2 0
github.com/milvus-io/milvus/internal/querynode/retrieve_collection.go:240.11,255.30 9 0
github.com/milvus-io/milvus/internal/querynode/retrieve_collection.go:269.4,269.29 1 0
github.com/milvus-io/milvus/internal/querynode/retrieve_collection.go:273.4,273.35 1 0
github.com/milvus-io/milvus/internal/querynode/retrieve_collection.go:313.4,313.105 1 0
github.com/milvus-io/milvus/internal/querynode/retrieve_collection.go:255.30,262.34 2 0
github.com/milvus-io/milvus/internal/querynode/retrieve_collection.go:266.5,266.28 1 0
github.com/milvus-io/milvus/internal/querynode/retrieve_collection.go:262.34,264.14 2 0
github.com/milvus-io/milvus/internal/querynode/retrieve_collection.go:269.29,270.13 1 0
github.com/milvus-io/milvus/internal/querynode/retrieve_collection.go:273.35,284.19 5 0
github.com/milvus-io/milvus/internal/querynode/retrieve_collection.go:306.5,311.6 2 0
github.com/milvus-io/milvus/internal/querynode/retrieve_collection.go:284.19,297.21 4 0
github.com/milvus-io/milvus/internal/querynode/retrieve_collection.go:297.21,303.7 1 0
github.com/milvus-io/milvus/internal/querynode/retrieve_collection.go:318.95,320.31 2 1
github.com/milvus-io/milvus/internal/querynode/retrieve_collection.go:340.2,340.19 1 1
github.com/milvus-io/milvus/internal/querynode/retrieve_collection.go:320.31,321.18 1 2
github.com/milvus-io/milvus/internal/querynode/retrieve_collection.go:325.3,325.19 1 2
github.com/milvus-io/milvus/internal/querynode/retrieve_collection.go:330.3,331.52 2 1
github.com/milvus-io/milvus/internal/querynode/retrieve_collection.go:335.3,335.35 1 1
github.com/milvus-io/milvus/internal/querynode/retrieve_collection.go:321.18,322.12 1 0
github.com/milvus-io/milvus/internal/querynode/retrieve_collection.go:325.19,327.12 2 1
github.com/milvus-io/milvus/internal/querynode/retrieve_collection.go:331.52,333.4 1 0
github.com/milvus-io/milvus/internal/querynode/retrieve_collection.go:335.35,337.4 1 2
github.com/milvus-io/milvus/internal/querynode/retrieve_collection.go:343.82,357.16 7 0
github.com/milvus-io/milvus/internal/querynode/retrieve_collection.go:361.2,367.16 3 0
github.com/milvus-io/milvus/internal/querynode/retrieve_collection.go:370.2,375.35 5 0
github.com/milvus-io/milvus/internal/querynode/retrieve_collection.go:402.2,403.55 2 0
github.com/milvus-io/milvus/internal/querynode/retrieve_collection.go:421.2,421.54 1 0
github.com/milvus-io/milvus/internal/querynode/retrieve_collection.go:439.2,440.16 2 0
github.com/milvus-io/milvus/internal/querynode/retrieve_collection.go:444.2,460.17 4 0
github.com/milvus-io/milvus/internal/querynode/retrieve_collection.go:463.2,463.12 1 0
github.com/milvus-io/milvus/internal/querynode/retrieve_collection.go:357.16,359.3 1 0
github.com/milvus-io/milvus/internal/querynode/retrieve_collection.go:367.16,369.3 1 0
github.com/milvus-io/milvus/internal/querynode/retrieve_collection.go:375.35,378.33 3 0
github.com/milvus-io/milvus/internal/querynode/retrieve_collection.go:381.3,381.44 1 0
github.com/milvus-io/milvus/internal/querynode/retrieve_collection.go:384.3,385.55 2 0
github.com/milvus-io/milvus/internal/querynode/retrieve_collection.go:378.33,380.4 1 0
github.com/milvus-io/milvus/internal/querynode/retrieve_collection.go:381.44,383.4 1 0
github.com/milvus-io/milvus/internal/querynode/retrieve_collection.go:386.8,387.42 1 0
github.com/milvus-io/milvus/internal/querynode/retrieve_collection.go:387.42,389.19 2 0
github.com/milvus-io/milvus/internal/querynode/retrieve_collection.go:392.4,393.19 2 0
github.com/milvus-io/milvus/internal/querynode/retrieve_collection.go:396.4,396.34 1 0
github.com/milvus-io/milvus/internal/querynode/retrieve_collection.go:389.19,391.5 1 0
github.com/milvus-io/milvus/internal/querynode/retrieve_collection.go:393.19,395.5 1 0
github.com/milvus-io/milvus/internal/querynode/retrieve_collection.go:396.34,398.5 1 0
github.com/milvus-io/milvus/internal/querynode/retrieve_collection.go:403.55,405.17 2 0
github.com/milvus-io/milvus/internal/querynode/retrieve_collection.go:408.3,408.40 1 0
github.com/milvus-io/milvus/internal/querynode/retrieve_collection.go:405.17,407.4 1 0
github.com/milvus-io/milvus/internal/querynode/retrieve_collection.go:408.40,410.18 2 0
github.com/milvus-io/milvus/internal/querynode/retrieve_collection.go:413.4,414.18 2 0
github.com/milvus-io/milvus/internal/querynode/retrieve_collection.go:417.4,417.41 1 0
github.com/milvus-io/milvus/internal/querynode/retrieve_collection.go:410.18,412.5 1 0
github.com/milvus-io/milvus/internal/querynode/retrieve_collection.go:414.18,416.5 1 0
github.com/milvus-io/milvus/internal/querynode/retrieve_collection.go:421.54,423.17 2 0
github.com/milvus-io/milvus/internal/querynode/retrieve_collection.go:426.3,426.40 1 0
github.com/milvus-io/milvus/internal/querynode/retrieve_collection.go:423.17,425.4 1 0
github.com/milvus-io/milvus/internal/querynode/retrieve_collection.go:426.40,428.18 2 0
github.com/milvus-io/milvus/internal/querynode/retrieve_collection.go:431.4,432.18 2 0
github.com/milvus-io/milvus/internal/querynode/retrieve_collection.go:435.4,435.41 1 0
github.com/milvus-io/milvus/internal/querynode/retrieve_collection.go:428.18,430.5 1 0
github.com/milvus-io/milvus/internal/querynode/retrieve_collection.go:432.18,434.5 1 0
github.com/milvus-io/milvus/internal/querynode/retrieve_collection.go:440.16,442.3 1 0
github.com/milvus-io/milvus/internal/querynode/retrieve_collection.go:460.17,462.3 1 0
github.com/milvus-io/milvus/internal/querynode/retrieve_collection.go:466.103,476.16 8 0
github.com/milvus-io/milvus/internal/querynode/retrieve_collection.go:483.2,483.12 1 0
github.com/milvus-io/milvus/internal/querynode/retrieve_collection.go:476.16,478.3 1 0
github.com/milvus-io/milvus/internal/querynode/retrieve_collection.go:478.8,482.3 1 0
github.com/milvus-io/milvus/internal/querynode/retrieve_collection.go:486.116,511.16 9 0
github.com/milvus-io/milvus/internal/querynode/retrieve_collection.go:515.2,515.12 1 0
github.com/milvus-io/milvus/internal/querynode/retrieve_collection.go:511.16,513.3 1 0
github.com/milvus-io/milvus/internal/querynode/segment.go:74.33,76.2 1 60
github.com/milvus-io/milvus/internal/querynode/segment.go:78.47,79.20 1 1
github.com/milvus-io/milvus/internal/querynode/segment.go:83.2,83.20 1 1
github.com/milvus-io/milvus/internal/querynode/segment.go:79.20,81.3 1 1
github.com/milvus-io/milvus/internal/querynode/segment.go:86.41,88.2 1 1
github.com/milvus-io/milvus/internal/querynode/segment.go:90.52,94.2 3 13
github.com/milvus-io/milvus/internal/querynode/segment.go:96.46,100.2 3 5
github.com/milvus-io/milvus/internal/querynode/segment.go:102.48,106.2 3 1
github.com/milvus-io/milvus/internal/querynode/segment.go:108.41,112.2 3 4
github.com/milvus-io/milvus/internal/querynode/segment.go:114.154,121.17 3 52
github.com/milvus-io/milvus/internal/querynode/segment.go:134.2,147.19 3 52
github.com/milvus-io/milvus/internal/querynode/segment.go:122.26,124.13 2 0
github.com/milvus-io/milvus/internal/querynode/segment.go:125.25,126.84 1 6
github.com/milvus-io/milvus/internal/querynode/segment.go:127.26,128.85 1 46
github.com/milvus-io/milvus/internal/querynode/segment.go:129.10,131.13 2 0
github.com/milvus-io/milvus/internal/querynode/segment.go:150.38,162.2 5 43
github.com/milvus-io/milvus/internal/querynode/segment.go:164.39,169.25 1 6
github.com/milvus-io/milvus/internal/querynode/segment.go:172.2,173.24 2 6
github.com/milvus-io/milvus/internal/querynode/segment.go:169.25,171.3 1 0
github.com/milvus-io/milvus/internal/querynode/segment.go:176.43,181.25 1 1
github.com/milvus-io/milvus/internal/querynode/segment.go:184.2,185.28 2 1
github.com/milvus-io/milvus/internal/querynode/segment.go:181.25,183.3 1 0
github.com/milvus-io/milvus/internal/querynode/segment.go:188.38,193.25 1 6
github.com/milvus-io/milvus/internal/querynode/segment.go:196.2,198.34 2 6
github.com/milvus-io/milvus/internal/querynode/segment.go:193.25,195.3 1 0
github.com/milvus-io/milvus/internal/querynode/segment.go:203.48,213.25 1 3
github.com/milvus-io/milvus/internal/querynode/segment.go:216.2,217.36 2 3
github.com/milvus-io/milvus/internal/querynode/segment.go:221.2,230.20 8 3
github.com/milvus-io/milvus/internal/querynode/segment.go:236.2,236.27 1 3
github.com/milvus-io/milvus/internal/querynode/segment.go:213.25,215.3 1 0
github.com/milvus-io/milvus/internal/querynode/segment.go:217.36,219.3 1 3
github.com/milvus-io/milvus/internal/querynode/segment.go:230.20,234.3 3 0
github.com/milvus-io/milvus/internal/querynode/segment.go:239.94,243.16 4 1
github.com/milvus-io/milvus/internal/querynode/segment.go:246.2,246.20 1 1
github.com/milvus-io/milvus/internal/querynode/segment.go:243.16,245.3 1 0
github.com/milvus-io/milvus/internal/querynode/segment.go:250.30,251.25 1 2
github.com/milvus-io/milvus/internal/querynode/segment.go:255.2,259.20 4 2
github.com/milvus-io/milvus/internal/querynode/segment.go:265.2,265.12 1 2
github.com/milvus-io/milvus/internal/querynode/segment.go:251.25,253.3 1 0
github.com/milvus-io/milvus/internal/querynode/segment.go:259.20,263.3 3 0
github.com/milvus-io/milvus/internal/querynode/segment.go:269.66,272.41 3 1
github.com/milvus-io/milvus/internal/querynode/segment.go:275.2,276.12 2 1
github.com/milvus-io/milvus/internal/querynode/segment.go:272.41,274.3 1 0
github.com/milvus-io/milvus/internal/querynode/segment.go:279.85,282.24 3 1
github.com/milvus-io/milvus/internal/querynode/segment.go:285.2,285.41 1 1
github.com/milvus-io/milvus/internal/querynode/segment.go:288.2,289.12 2 1
github.com/milvus-io/milvus/internal/querynode/segment.go:282.24,284.3 1 0
github.com/milvus-io/milvus/internal/querynode/segment.go:285.41,287.3 1 0
github.com/milvus-io/milvus/internal/querynode/segment.go:292.75,295.41 3 0
github.com/milvus-io/milvus/internal/querynode/segment.go:298.2,299.12 2 0
github.com/milvus-io/milvus/internal/querynode/segment.go:295.41,297.3 1 0
github.com/milvus-io/milvus/internal/querynode/segment.go:302.64,305.41 3 0
github.com/milvus-io/milvus/internal/querynode/segment.go:308.2,309.12 2 0
github.com/milvus-io/milvus/internal/querynode/segment.go:305.41,307.3 1 0
github.com/milvus-io/milvus/internal/querynode/segment.go:312.64,315.41 3 0
github.com/milvus-io/milvus/internal/querynode/segment.go:318.2,319.12 2 0
github.com/milvus-io/milvus/internal/querynode/segment.go:315.41,317.3 1 0
github.com/milvus-io/milvus/internal/querynode/segment.go:322.54,325.41 3 0
github.com/milvus-io/milvus/internal/querynode/segment.go:328.2,328.45 1 0
github.com/milvus-io/milvus/internal/querynode/segment.go:325.41,327.3 1 0
github.com/milvus-io/milvus/internal/querynode/segment.go:331.54,334.41 3 0
github.com/milvus-io/milvus/internal/querynode/segment.go:337.2,337.43 1 0
github.com/milvus-io/milvus/internal/querynode/segment.go:334.41,336.3 1 0
github.com/milvus-io/milvus/internal/querynode/segment.go:340.54,343.41 3 0
github.com/milvus-io/milvus/internal/querynode/segment.go:346.2,346.43 1 0
github.com/milvus-io/milvus/internal/querynode/segment.go:343.41,345.3 1 0
github.com/milvus-io/milvus/internal/querynode/segment.go:349.57,352.41 3 2
github.com/milvus-io/milvus/internal/querynode/segment.go:355.2,355.46 1 2
github.com/milvus-io/milvus/internal/querynode/segment.go:352.41,354.3 1 0
github.com/milvus-io/milvus/internal/querynode/segment.go:358.67,361.41 3 2
github.com/milvus-io/milvus/internal/querynode/segment.go:364.2,364.47 1 2
github.com/milvus-io/milvus/internal/querynode/segment.go:361.41,363.3 1 0
github.com/milvus-io/milvus/internal/querynode/segment.go:367.79,370.41 3 0
github.com/milvus-io/milvus/internal/querynode/segment.go:373.2,374.28 2 0
github.com/milvus-io/milvus/internal/querynode/segment.go:377.2,379.32 3 0
github.com/milvus-io/milvus/internal/querynode/segment.go:389.2,389.32 1 0
github.com/milvus-io/milvus/internal/querynode/segment.go:370.41,372.3 1 0
github.com/milvus-io/milvus/internal/querynode/segment.go:374.28,376.3 1 0
github.com/milvus-io/milvus/internal/querynode/segment.go:379.32,381.10 2 0
github.com/milvus-io/milvus/internal/querynode/segment.go:384.3,384.17 1 0
github.com/milvus-io/milvus/internal/querynode/segment.go:387.3,387.15 1 0
github.com/milvus-io/milvus/internal/querynode/segment.go:381.10,383.4 1 0
github.com/milvus-io/milvus/internal/querynode/segment.go:384.17,386.4 1 0
github.com/milvus-io/milvus/internal/querynode/segment.go:392.70,395.25 3 1
github.com/milvus-io/milvus/internal/querynode/segment.go:398.2,399.12 2 1
github.com/milvus-io/milvus/internal/querynode/segment.go:395.25,397.3 1 0
github.com/milvus-io/milvus/internal/querynode/segment.go:402.55,405.41 3 1
github.com/milvus-io/milvus/internal/querynode/segment.go:408.2,408.45 1 1
github.com/milvus-io/milvus/internal/querynode/segment.go:405.41,407.3 1 0
github.com/milvus-io/milvus/internal/querynode/segment.go:412.69,417.63 1 9
github.com/milvus-io/milvus/internal/querynode/segment.go:420.2,426.20 5 9
github.com/milvus-io/milvus/internal/querynode/segment.go:431.2,431.20 1 9
github.com/milvus-io/milvus/internal/querynode/segment.go:417.63,419.3 1 0
github.com/milvus-io/milvus/internal/querynode/segment.go:426.20,430.3 3 0
github.com/milvus-io/milvus/internal/querynode/segment.go:434.60,442.2 2 3
github.com/milvus-io/milvus/internal/querynode/segment.go:444.128,456.63 1 8
github.com/milvus-io/milvus/internal/querynode/segment.go:460.2,460.25 1 8
github.com/milvus-io/milvus/internal/querynode/segment.go:464.2,471.37 6 8
github.com/milvus-io/milvus/internal/querynode/segment.go:476.2,494.20 9 8
github.com/milvus-io/milvus/internal/querynode/segment.go:500.2,501.12 2 8
github.com/milvus-io/milvus/internal/querynode/segment.go:456.63,458.3 1 0
github.com/milvus-io/milvus/internal/querynode/segment.go:460.25,462.3 1 0
github.com/milvus-io/milvus/internal/querynode/segment.go:471.37,474.3 2 121
github.com/milvus-io/milvus/internal/querynode/segment.go:494.20,498.3 3 0
github.com/milvus-io/milvus/internal/querynode/segment.go:504.101,513.25 1 2
github.com/milvus-io/milvus/internal/querynode/segment.go:516.2,525.20 7 2
github.com/milvus-io/milvus/internal/querynode/segment.go:531.2,531.12 1 2
github.com/milvus-io/milvus/internal/querynode/segment.go:513.25,515.3 1 0
github.com/milvus-io/milvus/internal/querynode/segment.go:525.20,529.3 3 0
github.com/milvus-io/milvus/internal/querynode/segment.go:535.93,540.25 1 13
github.com/milvus-io/milvus/internal/querynode/segment.go:543.2,543.40 1 13
github.com/milvus-io/milvus/internal/querynode/segment.go:549.2,551.26 3 13
github.com/milvus-io/milvus/internal/querynode/segment.go:606.2,614.20 4 13
github.com/milvus-io/milvus/internal/querynode/segment.go:620.2,625.12 2 13
github.com/milvus-io/milvus/internal/querynode/segment.go:540.25,542.3 1 0
github.com/milvus-io/milvus/internal/querynode/segment.go:543.40,546.3 2 0
github.com/milvus-io/milvus/internal/querynode/segment.go:552.14,553.18 1 0
github.com/milvus-io/milvus/internal/querynode/segment.go:556.3,556.38 1 0
github.com/milvus-io/milvus/internal/querynode/segment.go:557.14,558.18 1 0
github.com/milvus-io/milvus/internal/querynode/segment.go:561.3,561.38 1 0
github.com/milvus-io/milvus/internal/querynode/segment.go:562.14,563.18 1 0
github.com/milvus-io/milvus/internal/querynode/segment.go:566.3,566.38 1 0
github.com/milvus-io/milvus/internal/querynode/segment.go:567.15,568.18 1 0
github.com/milvus-io/milvus/internal/querynode/segment.go:571.3,571.38 1 0
github.com/milvus-io/milvus/internal/querynode/segment.go:572.15,573.18 1 8
github.com/milvus-io/milvus/internal/querynode/segment.go:576.3,576.38 1 8
github.com/milvus-io/milvus/internal/querynode/segment.go:577.15,578.18 1 1
github.com/milvus-io/milvus/internal/querynode/segment.go:581.3,581.38 1 1
github.com/milvus-io/milvus/internal/querynode/segment.go:582.17,583.18 1 4
github.com/milvus-io/milvus/internal/querynode/segment.go:586.3,586.38 1 4
github.com/milvus-io/milvus/internal/querynode/segment.go:587.17,588.18 1 0
github.com/milvus-io/milvus/internal/querynode/segment.go:591.3,591.38 1 0
github.com/milvus-io/milvus/internal/querynode/segment.go:592.16,594.57 1 0
github.com/milvus-io/milvus/internal/querynode/segment.go:595.10,596.47 1 0
github.com/milvus-io/milvus/internal/querynode/segment.go:553.18,555.4 1 0
github.com/milvus-io/milvus/internal/querynode/segment.go:558.18,560.4 1 0
github.com/milvus-io/milvus/internal/querynode/segment.go:563.18,565.4 1 0
github.com/milvus-io/milvus/internal/querynode/segment.go:568.18,570.4 1 0
github.com/milvus-io/milvus/internal/querynode/segment.go:573.18,575.4 1 0
github.com/milvus-io/milvus/internal/querynode/segment.go:578.18,580.4 1 0
github.com/milvus-io/milvus/internal/querynode/segment.go:583.18,585.4 1 0
github.com/milvus-io/milvus/internal/querynode/segment.go:588.18,590.4 1 0
github.com/milvus-io/milvus/internal/querynode/segment.go:614.20,618.3 3 0
github.com/milvus-io/milvus/internal/querynode/segment.go:628.54,633.25 1 1
github.com/milvus-io/milvus/internal/querynode/segment.go:636.2,636.42 1 1
github.com/milvus-io/milvus/internal/querynode/segment.go:641.2,643.20 3 1
github.com/milvus-io/milvus/internal/querynode/segment.go:649.2,651.12 2 1
github.com/milvus-io/milvus/internal/querynode/segment.go:633.25,635.3 1 0
github.com/milvus-io/milvus/internal/querynode/segment.go:636.42,639.3 2 0
github.com/milvus-io/milvus/internal/querynode/segment.go:643.20,647.3 3 0
github.com/milvus-io/milvus/internal/querynode/segment.go:654.83,657.16 3 1
github.com/milvus-io/milvus/internal/querynode/segment.go:660.2,661.16 2 1
github.com/milvus-io/milvus/internal/querynode/segment.go:664.2,665.32 2 1
github.com/milvus-io/milvus/internal/querynode/segment.go:671.2,673.16 3 1
github.com/milvus-io/milvus/internal/querynode/segment.go:677.2,677.25 1 1
github.com/milvus-io/milvus/internal/querynode/segment.go:681.2,681.40 1 1
github.com/milvus-io/milvus/internal/querynode/segment.go:686.2,688.20 3 1
github.com/milvus-io/milvus/internal/querynode/segment.go:694.2,697.12 3 1
github.com/milvus-io/milvus/internal/querynode/segment.go:657.16,659.3 1 0
github.com/milvus-io/milvus/internal/querynode/segment.go:661.16,663.3 1 0
github.com/milvus-io/milvus/internal/querynode/segment.go:665.32,667.17 2 10
github.com/milvus-io/milvus/internal/querynode/segment.go:667.17,669.4 1 0
github.com/milvus-io/milvus/internal/querynode/segment.go:673.16,675.3 1 0
github.com/milvus-io/milvus/internal/querynode/segment.go:677.25,679.3 1 0
github.com/milvus-io/milvus/internal/querynode/segment.go:681.40,684.3 2 0
github.com/milvus-io/milvus/internal/querynode/segment.go:688.20,692.3 3 0
github.com/milvus-io/milvus/internal/querynode/segment.go:700.57,705.25 1 0
github.com/milvus-io/milvus/internal/querynode/segment.go:708.2,708.42 1 0
github.com/milvus-io/milvus/internal/querynode/segment.go:713.2,715.20 3 0
github.com/milvus-io/milvus/internal/querynode/segment.go:721.2,723.12 2 0
github.com/milvus-io/milvus/internal/querynode/segment.go:705.25,707.3 1 0
github.com/milvus-io/milvus/internal/querynode/segment.go:708.42,711.3 2 0
github.com/milvus-io/milvus/internal/querynode/segment.go:715.20,719.3 3 0
github.com/milvus-io/milvus/internal/querynode/segment.go:726.52,728.2 1 0
github.com/milvus-io/milvus/internal/querynode/stats_service.go:35.156,47.2 1 25
github.com/milvus-io/milvus/internal/querynode/stats_service.go:49.39,65.6 9 1
github.com/milvus-io/milvus/internal/querynode/stats_service.go:65.6,66.10 1 5
github.com/milvus-io/milvus/internal/querynode/stats_service.go:67.30,68.10 1 1
github.com/milvus-io/milvus/internal/querynode/stats_service.go:69.74,70.33 1 4
github.com/milvus-io/milvus/internal/querynode/stats_service.go:71.48,72.40 1 0
github.com/milvus-io/milvus/internal/querynode/stats_service.go:77.39,78.33 1 23
github.com/milvus-io/milvus/internal/querynode/stats_service.go:78.33,80.3 1 2
github.com/milvus-io/milvus/internal/querynode/stats_service.go:83.84,106.16 6 5
github.com/milvus-io/milvus/internal/querynode/stats_service.go:106.16,108.3 1 0
github.com/milvus-io/milvus/internal/querynode/index.go:31.70,37.17 2 0
github.com/milvus-io/milvus/internal/querynode/index.go:40.2,40.63 1 0
github.com/milvus-io/milvus/internal/querynode/index.go:37.17,39.3 1 0
github.com/milvus-io/milvus/internal/querynode/index.go:43.60,47.2 1 0
github.com/milvus-io/milvus/internal/querynode/index_loader.go:53.60,55.29 2 0
github.com/milvus-io/milvus/internal/querynode/index_loader.go:59.2,60.31 2 0
github.com/milvus-io/milvus/internal/querynode/index_loader.go:87.2,88.16 2 0
github.com/milvus-io/milvus/internal/querynode/index_loader.go:94.2,94.11 1 0
github.com/milvus-io/milvus/internal/querynode/index_loader.go:55.29,58.3 2 0
github.com/milvus-io/milvus/internal/querynode/index_loader.go:60.31,63.17 2 0
github.com/milvus-io/milvus/internal/querynode/index_loader.go:67.3,68.17 2 0
github.com/milvus-io/milvus/internal/querynode/index_loader.go:72.3,72.39 1 0
github.com/milvus-io/milvus/internal/querynode/index_loader.go:63.17,65.12 2 0
github.com/milvus-io/milvus/internal/querynode/index_loader.go:68.17,70.12 2 0
github.com/milvus-io/milvus/internal/querynode/index_loader.go:72.39,74.18 2 0
github.com/milvus-io/milvus/internal/querynode/index_loader.go:79.4,80.18 2 0
github.com/milvus-io/milvus/internal/querynode/index_loader.go:74.18,76.13 2 0
github.com/milvus-io/milvus/internal/querynode/index_loader.go:80.18,82.13 2 0
github.com/milvus-io/milvus/internal/querynode/index_loader.go:88.16,92.3 3 0
github.com/milvus-io/milvus/internal/querynode/index_loader.go:97.77,103.21 5 1
github.com/milvus-io/milvus/internal/querynode/index_loader.go:111.2,112.16 2 1
github.com/milvus-io/milvus/internal/querynode/index_loader.go:115.2,116.16 2 1
github.com/milvus-io/milvus/internal/querynode/index_loader.go:119.2,120.16 2 1
github.com/milvus-io/milvus/internal/querynode/index_loader.go:123.2,124.9 2 1
github.com/milvus-io/milvus/internal/querynode/index_loader.go:129.2,130.16 2 1
github.com/milvus-io/milvus/internal/querynode/index_loader.go:134.2,135.16 2 1
github.com/milvus-io/milvus/internal/querynode/index_loader.go:139.2,140.16 2 1
github.com/milvus-io/milvus/internal/querynode/index_loader.go:143.2,144.12 2 1
github.com/milvus-io/milvus/internal/querynode/index_loader.go:103.21,106.17 3 1
github.com/milvus-io/milvus/internal/querynode/index_loader.go:109.3,109.13 1 1
github.com/milvus-io/milvus/internal/querynode/index_loader.go:106.17,108.4 1 0
github.com/milvus-io/milvus/internal/querynode/index_loader.go:112.16,114.3 1 0
github.com/milvus-io/milvus/internal/querynode/index_loader.go:116.16,118.3 1 0
github.com/milvus-io/milvus/internal/querynode/index_loader.go:120.16,122.3 1 0
github.com/milvus-io/milvus/internal/querynode/index_loader.go:124.9,127.3 1 0
github.com/milvus-io/milvus/internal/querynode/index_loader.go:130.16,132.3 1 0
github.com/milvus-io/milvus/internal/querynode/index_loader.go:135.16,137.3 1 0
github.com/milvus-io/milvus/internal/querynode/index_loader.go:140.16,142.3 1 0
github.com/milvus-io/milvus/internal/querynode/index_loader.go:147.77,149.34 2 0
github.com/milvus-io/milvus/internal/querynode/index_loader.go:149.34,151.3 1 0
github.com/milvus-io/milvus/internal/querynode/index_loader.go:154.116,155.32 1 0
github.com/milvus-io/milvus/internal/querynode/index_loader.go:159.2,159.35 1 0
github.com/milvus-io/milvus/internal/querynode/index_loader.go:167.2,167.13 1 0
github.com/milvus-io/milvus/internal/querynode/index_loader.go:155.32,157.3 1 0
github.com/milvus-io/milvus/internal/querynode/index_loader.go:159.35,162.51 3 0
github.com/milvus-io/milvus/internal/querynode/index_loader.go:162.51,164.4 1 0
github.com/milvus-io/milvus/internal/querynode/index_loader.go:170.95,172.2 1 1
github.com/milvus-io/milvus/internal/querynode/index_loader.go:174.87,176.19 2 0
github.com/milvus-io/milvus/internal/querynode/index_loader.go:179.2,180.16 2 0
github.com/milvus-io/milvus/internal/querynode/index_loader.go:183.2,184.16 2 0
github.com/milvus-io/milvus/internal/querynode/index_loader.go:187.2,187.35 1 0
github.com/milvus-io/milvus/internal/querynode/index_loader.go:176.19,178.3 1 0
github.com/milvus-io/milvus/internal/querynode/index_loader.go:180.16,182.3 1 0
github.com/milvus-io/milvus/internal/querynode/index_loader.go:184.16,186.3 1 0
github.com/milvus-io/milvus/internal/querynode/index_loader.go:190.76,191.42 1 1
github.com/milvus-io/milvus/internal/querynode/index_loader.go:230.2,230.12 1 1
github.com/milvus-io/milvus/internal/querynode/index_loader.go:191.42,196.33 5 1
github.com/milvus-io/milvus/internal/querynode/index_loader.go:204.3,204.50 1 1
github.com/milvus-io/milvus/internal/querynode/index_loader.go:205.3,205.10 1 1
github.com/milvus-io/milvus/internal/querynode/index_loader.go:196.33,201.4 1 10
github.com/milvus-io/milvus/internal/querynode/index_loader.go:204.50,204.106 1 25
github.com/milvus-io/milvus/internal/querynode/index_loader.go:205.10,212.4 2 1
github.com/milvus-io/milvus/internal/querynode/index_loader.go:212.9,214.61 2 0
github.com/milvus-io/milvus/internal/querynode/index_loader.go:220.4,220.18 1 0
github.com/milvus-io/milvus/internal/querynode/index_loader.go:214.61,215.67 1 0
github.com/milvus-io/milvus/internal/querynode/index_loader.go:215.67,218.6 2 0
github.com/milvus-io/milvus/internal/querynode/index_loader.go:220.18,226.5 1 0
github.com/milvus-io/milvus/internal/querynode/index_loader.go:233.101,238.30 4 1
github.com/milvus-io/milvus/internal/querynode/index_loader.go:261.2,261.27 1 1
github.com/milvus-io/milvus/internal/querynode/index_loader.go:264.2,264.43 1 1
github.com/milvus-io/milvus/internal/querynode/index_loader.go:238.30,241.17 3 2
github.com/milvus-io/milvus/internal/querynode/index_loader.go:245.3,245.46 1 2
github.com/milvus-io/milvus/internal/querynode/index_loader.go:241.17,243.4 1 0
github.com/milvus-io/milvus/internal/querynode/index_loader.go:245.46,253.18 3 1
github.com/milvus-io/milvus/internal/querynode/index_loader.go:253.18,255.5 1 0
github.com/milvus-io/milvus/internal/querynode/index_loader.go:256.9,258.4 1 1
github.com/milvus-io/milvus/internal/querynode/index_loader.go:261.27,263.3 1 0
github.com/milvus-io/milvus/internal/querynode/index_loader.go:267.55,269.61 2 0
github.com/milvus-io/milvus/internal/querynode/index_loader.go:282.2,284.12 3 0
github.com/milvus-io/milvus/internal/querynode/index_loader.go:269.61,271.17 2 0
github.com/milvus-io/milvus/internal/querynode/index_loader.go:274.3,279.61 2 0
github.com/milvus-io/milvus/internal/querynode/index_loader.go:271.17,273.4 1 0
github.com/milvus-io/milvus/internal/querynode/index_loader.go:287.106,297.16 4 0
github.com/milvus-io/milvus/internal/querynode/index_loader.go:300.2,300.61 1 0
github.com/milvus-io/milvus/internal/querynode/index_loader.go:304.2,304.27 1 0
github.com/milvus-io/milvus/internal/querynode/index_loader.go:308.2,308.32 1 0
github.com/milvus-io/milvus/internal/querynode/index_loader.go:312.2,316.79 3 0
github.com/milvus-io/milvus/internal/querynode/index_loader.go:320.2,320.38 1 0
github.com/milvus-io/milvus/internal/querynode/index_loader.go:324.2,332.16 4 0
github.com/milvus-io/milvus/internal/querynode/index_loader.go:336.2,336.12 1 0
github.com/milvus-io/milvus/internal/querynode/index_loader.go:297.16,299.3 1 0
github.com/milvus-io/milvus/internal/querynode/index_loader.go:300.61,302.3 1 0
github.com/milvus-io/milvus/internal/querynode/index_loader.go:304.27,306.3 1 0
github.com/milvus-io/milvus/internal/querynode/index_loader.go:308.32,310.3 1 0
github.com/milvus-io/milvus/internal/querynode/index_loader.go:316.79,318.3 1 0
github.com/milvus-io/milvus/internal/querynode/index_loader.go:320.38,322.3 1 0
github.com/milvus-io/milvus/internal/querynode/index_loader.go:332.16,334.3 1 0
github.com/milvus-io/milvus/internal/querynode/index_loader.go:339.83,341.32 2 0
github.com/milvus-io/milvus/internal/querynode/index_loader.go:345.2,349.79 3 0
github.com/milvus-io/milvus/internal/querynode/index_loader.go:353.2,353.38 1 0
github.com/milvus-io/milvus/internal/querynode/index_loader.go:357.2,357.54 1 0
github.com/milvus-io/milvus/internal/querynode/index_loader.go:341.32,343.3 1 0
github.com/milvus-io/milvus/internal/querynode/index_loader.go:349.79,351.3 1 0
github.com/milvus-io/milvus/internal/querynode/index_loader.go:353.38,355.3 1 0
github.com/milvus-io/milvus/internal/querynode/index_loader.go:360.149,371.16 3 24
github.com/milvus-io/milvus/internal/querynode/index_loader.go:375.2,385.3 1 24
github.com/milvus-io/milvus/internal/querynode/index_loader.go:371.16,372.13 1 0
github.com/milvus-io/milvus/internal/querynode/query_node.go:75.100,91.2 6 23
github.com/milvus-io/milvus/internal/querynode/query_node.go:93.87,107.2 5 0
github.com/milvus-io/milvus/internal/querynode/query_node.go:110.41,115.2 4 0
github.com/milvus-io/milvus/internal/querynode/query_node.go:117.37,139.16 7 0
github.com/milvus-io/milvus/internal/querynode/query_node.go:143.2,143.57 1 0
github.com/milvus-io/milvus/internal/querynode/query_node.go:147.2,149.49 2 0
github.com/milvus-io/milvus/internal/querynode/query_node.go:164.2,166.31 2 0
github.com/milvus-io/milvus/internal/querynode/query_node.go:170.2,170.30 1 0
github.com/milvus-io/milvus/internal/querynode/query_node.go:174.2,174.29 1 0
github.com/milvus-io/milvus/internal/querynode/query_node.go:178.2,178.12 1 0
github.com/milvus-io/milvus/internal/querynode/query_node.go:139.16,141.13 2 0
github.com/milvus-io/milvus/internal/querynode/query_node.go:143.57,145.28 2 0
github.com/milvus-io/milvus/internal/querynode/query_node.go:149.49,150.17 1 0
github.com/milvus-io/milvus/internal/querynode/query_node.go:151.27,152.38 1 0
github.com/milvus-io/milvus/internal/querynode/query_node.go:153.30,154.46 1 0
github.com/milvus-io/milvus/internal/querynode/query_node.go:155.28,156.75 1 0
github.com/milvus-io/milvus/internal/querynode/query_node.go:157.34,158.87 1 0
github.com/milvus-io/milvus/internal/querynode/query_node.go:159.11,160.48 1 0
github.com/milvus-io/milvus/internal/querynode/query_node.go:166.31,168.3 1 0
github.com/milvus-io/milvus/internal/querynode/query_node.go:170.30,172.3 1 0
github.com/milvus-io/milvus/internal/querynode/query_node.go:174.29,176.3 1 0
github.com/milvus-io/milvus/internal/querynode/query_node.go:181.38,188.16 4 1
github.com/milvus-io/milvus/internal/querynode/query_node.go:194.2,215.12 8 1
github.com/milvus-io/milvus/internal/querynode/query_node.go:188.16,190.3 1 0
github.com/milvus-io/milvus/internal/querynode/query_node.go:218.37,223.28 3 23
github.com/milvus-io/milvus/internal/querynode/query_node.go:226.2,226.27 1 23
github.com/milvus-io/milvus/internal/querynode/query_node.go:229.2,229.31 1 23
github.com/milvus-io/milvus/internal/querynode/query_node.go:232.2,232.33 1 23
github.com/milvus-io/milvus/internal/querynode/query_node.go:235.2,235.12 1 23
github.com/milvus-io/milvus/internal/querynode/query_node.go:223.28,225.3 1 23
github.com/milvus-io/milvus/internal/querynode/query_node.go:226.27,228.3 1 23
github.com/milvus-io/milvus/internal/querynode/query_node.go:229.31,231.3 1 3
github.com/milvus-io/milvus/internal/querynode/query_node.go:232.33,234.3 1 1
github.com/milvus-io/milvus/internal/querynode/query_node.go:238.67,240.2 1 47
github.com/milvus-io/milvus/internal/querynode/query_node.go:242.75,243.19 1 0
github.com/milvus-io/milvus/internal/querynode/query_node.go:246.2,247.12 2 0
github.com/milvus-io/milvus/internal/querynode/query_node.go:243.19,245.3 1 0
github.com/milvus-io/milvus/internal/querynode/query_node.go:250.72,251.18 1 23
github.com/milvus-io/milvus/internal/querynode/query_node.go:254.2,255.12 2 23
github.com/milvus-io/milvus/internal/querynode/query_node.go:251.18,253.3 1 0
github.com/milvus-io/milvus/internal/querynode/query_node.go:258.72,259.18 1 0
github.com/milvus-io/milvus/internal/querynode/query_node.go:262.2,263.12 2 0
github.com/milvus-io/milvus/internal/querynode/query_node.go:259.18,261.3 1 0
github.com/milvus-io/milvus/internal/querynode/query_node.go:266.69,267.17 1 0
github.com/milvus-io/milvus/internal/querynode/query_node.go:270.2,271.12 2 0
github.com/milvus-io/milvus/internal/querynode/query_node.go:267.17,269.3 1 0
github.com/milvus-io/milvus/internal/querynode/reduce.go:41.100,43.36 2 2
github.com/milvus-io/milvus/internal/querynode/reduce.go:46.2,54.20 6 2
github.com/milvus-io/milvus/internal/querynode/reduce.go:59.2,59.12 1 2
github.com/milvus-io/milvus/internal/querynode/reduce.go:43.36,45.3 1 2
github.com/milvus-io/milvus/internal/querynode/reduce.go:54.20,58.3 3 0
github.com/milvus-io/milvus/internal/querynode/reduce.go:62.117,65.27 3 2
github.com/milvus-io/milvus/internal/querynode/reduce.go:77.2,78.12 2 2
github.com/milvus-io/milvus/internal/querynode/reduce.go:65.27,66.19 1 2
github.com/milvus-io/milvus/internal/querynode/reduce.go:66.19,68.19 2 2
github.com/milvus-io/milvus/internal/querynode/reduce.go:68.19,70.19 2 2
github.com/milvus-io/milvus/internal/querynode/reduce.go:73.5,73.14 1 2
github.com/milvus-io/milvus/internal/querynode/reduce.go:70.19,72.6 1 0
github.com/milvus-io/milvus/internal/querynode/reduce.go:81.166,83.36 2 2
github.com/milvus-io/milvus/internal/querynode/reduce.go:86.2,90.36 4 2
github.com/milvus-io/milvus/internal/querynode/reduce.go:93.2,102.20 7 2
github.com/milvus-io/milvus/internal/querynode/reduce.go:107.2,107.60 1 2
github.com/milvus-io/milvus/internal/querynode/reduce.go:83.36,85.3 1 2
github.com/milvus-io/milvus/internal/querynode/reduce.go:90.36,92.3 1 2
github.com/milvus-io/milvus/internal/querynode/reduce.go:102.20,106.3 3 0
github.com/milvus-io/milvus/internal/querynode/reduce.go:110.134,112.39 2 0
github.com/milvus-io/milvus/internal/querynode/reduce.go:115.2,124.20 7 0
github.com/milvus-io/milvus/internal/querynode/reduce.go:129.2,129.60 1 0
github.com/milvus-io/milvus/internal/querynode/reduce.go:112.39,114.3 1 0
github.com/milvus-io/milvus/internal/querynode/reduce.go:124.20,128.3 3 0
github.com/milvus-io/milvus/internal/querynode/reduce.go:132.50,135.2 2 2
github.com/milvus-io/milvus/internal/querynode/reduce.go:137.56,143.2 5 2
github.com/milvus-io/milvus/internal/querynode/reduce.go:145.81,152.2 6 2
github.com/milvus-io/milvus/internal/querynode/reduce.go:154.47,156.2 1 2
github.com/milvus-io/milvus/internal/querynode/reduce.go:158.51,159.33 1 2
github.com/milvus-io/milvus/internal/querynode/reduce.go:159.33,161.3 1 2
github.com/milvus-io/milvus/internal/querynode/collection.go:43.36,45.2 1 96
github.com/milvus-io/milvus/internal/querynode/collection.go:47.58,49.2 1 0
github.com/milvus-io/milvus/internal/querynode/collection.go:51.59,53.2 1 34
github.com/milvus-io/milvus/internal/querynode/collection.go:55.62,57.36 2 32
github.com/milvus-io/milvus/internal/querynode/collection.go:62.2,62.25 1 32
github.com/milvus-io/milvus/internal/querynode/collection.go:57.36,58.24 1 50
github.com/milvus-io/milvus/internal/querynode/collection.go:58.24,60.4 1 16
github.com/milvus-io/milvus/internal/querynode/collection.go:65.64,70.2 2 0
github.com/milvus-io/milvus/internal/querynode/collection.go:72.56,74.2 1 0
github.com/milvus-io/milvus/internal/querynode/collection.go:76.90,97.2 7 39
github.com/milvus-io/milvus/internal/querynode/collection.go:99.47,112.2 5 37
github.com/milvus-io/milvus/internal/querynode/flow_graph_message.go:89.47,91.2 1 0
github.com/milvus-io/milvus/internal/querynode/flow_graph_message.go:93.42,95.2 1 0
github.com/milvus-io/milvus/internal/querynode/flow_graph_message.go:97.45,99.2 1 0
github.com/milvus-io/milvus/internal/querynode/flow_graph_message.go:101.45,103.2 1 0
github.com/milvus-io/milvus/internal/querynode/flow_graph_message.go:105.51,107.2 1 0
github.com/milvus-io/milvus/internal/querynode/flow_graph_message.go:109.42,111.2 1 0
github.com/milvus-io/milvus/internal/querynode/search_collection.go:64.60,89.2 6 5
github.com/milvus-io/milvus/internal/querynode/search_collection.go:91.36,94.2 2 5
github.com/milvus-io/milvus/internal/querynode/search_collection.go:96.39,98.16 2 5
github.com/milvus-io/milvus/internal/querynode/search_collection.go:103.2,107.60 3 0
github.com/milvus-io/milvus/internal/querynode/search_collection.go:98.16,101.3 2 5
github.com/milvus-io/milvus/internal/querynode/search_collection.go:107.60,115.3 4 0
github.com/milvus-io/milvus/internal/querynode/search_collection.go:118.71,122.2 3 0
github.com/milvus-io/milvus/internal/querynode/search_collection.go:124.71,130.2 5 0
github.com/milvus-io/milvus/internal/querynode/search_collection.go:132.53,135.13 2 5
github.com/milvus-io/milvus/internal/querynode/search_collection.go:139.2,140.39 2 0
github.com/milvus-io/milvus/internal/querynode/search_collection.go:146.2,146.10 1 0
github.com/milvus-io/milvus/internal/querynode/search_collection.go:135.13,138.3 2 0
github.com/milvus-io/milvus/internal/querynode/search_collection.go:140.39,142.14 2 0
github.com/milvus-io/milvus/internal/querynode/search_collection.go:142.14,144.4 1 0
github.com/milvus-io/milvus/internal/querynode/search_collection.go:149.59,153.2 3 0
github.com/milvus-io/milvus/internal/querynode/search_collection.go:155.60,159.27 3 0
github.com/milvus-io/milvus/internal/querynode/search_collection.go:163.2,164.35 2 0
github.com/milvus-io/milvus/internal/querynode/search_collection.go:159.27,161.3 1 0
github.com/milvus-io/milvus/internal/querynode/search_collection.go:164.35,167.3 2 0
github.com/milvus-io/milvus/internal/querynode/search_collection.go:167.8,169.3 1 0
github.com/milvus-io/milvus/internal/querynode/search_collection.go:172.72,177.16 5 0
github.com/milvus-io/milvus/internal/querynode/search_collection.go:177.16,180.18 3 0
github.com/milvus-io/milvus/internal/querynode/search_collection.go:180.18,182.4 1 0
github.com/milvus-io/milvus/internal/querynode/search_collection.go:186.47,187.6 1 5
github.com/milvus-io/milvus/internal/querynode/search_collection.go:187.6,188.10 1 5
github.com/milvus-io/milvus/internal/querynode/search_collection.go:189.30,191.10 2 5
github.com/milvus-io/milvus/internal/querynode/search_collection.go:192.28,199.34 5 0
github.com/milvus-io/milvus/internal/querynode/search_collection.go:219.4,223.18 3 0
github.com/milvus-io/milvus/internal/querynode/search_collection.go:233.4,236.15 2 0
github.com/milvus-io/milvus/internal/querynode/search_collection.go:199.34,217.13 7 0
github.com/milvus-io/milvus/internal/querynode/search_collection.go:223.18,229.20 4 0
github.com/milvus-io/milvus/internal/querynode/search_collection.go:229.20,231.6 1 0
github.com/milvus-io/milvus/internal/querynode/search_collection.go:241.50,242.6 1 5
github.com/milvus-io/milvus/internal/querynode/search_collection.go:242.6,243.10 1 5
github.com/milvus-io/milvus/internal/querynode/search_collection.go:244.30,246.10 2 0
github.com/milvus-io/milvus/internal/querynode/search_collection.go:247.11,260.31 7 5
github.com/milvus-io/milvus/internal/querynode/search_collection.go:271.4,271.27 1 0
github.com/milvus-io/milvus/internal/querynode/search_collection.go:274.4,274.33 1 0
github.com/milvus-io/milvus/internal/querynode/search_collection.go:296.4,296.97 1 0
github.com/milvus-io/milvus/internal/querynode/search_collection.go:260.31,264.34 2 0
github.com/milvus-io/milvus/internal/querynode/search_collection.go:268.5,268.27 1 0
github.com/milvus-io/milvus/internal/querynode/search_collection.go:264.34,266.14 2 0
github.com/milvus-io/milvus/internal/querynode/search_collection.go:271.27,272.13 1 0
github.com/milvus-io/milvus/internal/querynode/search_collection.go:274.33,281.19 5 0
github.com/milvus-io/milvus/internal/querynode/search_collection.go:291.5,294.49 2 0
github.com/milvus-io/milvus/internal/querynode/search_collection.go:281.19,287.21 4 0
github.com/milvus-io/milvus/internal/querynode/search_collection.go:287.21,289.7 1 0
github.com/milvus-io/milvus/internal/querynode/search_collection.go:303.73,311.16 7 0
github.com/milvus-io/milvus/internal/querynode/search_collection.go:314.2,315.59 2 0
github.com/milvus-io/milvus/internal/querynode/search_collection.go:328.2,330.16 3 0
github.com/milvus-io/milvus/internal/querynode/search_collection.go:333.2,343.35 9 0
github.com/milvus-io/milvus/internal/querynode/search_collection.go:370.2,370.59 1 0
github.com/milvus-io/milvus/internal/querynode/search_collection.go:380.2,381.61 2 0
github.com/milvus-io/milvus/internal/querynode/search_collection.go:403.2,403.60 1 0
github.com/milvus-io/milvus/internal/querynode/search_collection.go:423.2,424.29 2 0
github.com/milvus-io/milvus/internal/querynode/search_collection.go:460.2,463.21 4 0
github.com/milvus-io/milvus/internal/querynode/search_collection.go:492.2,494.16 3 0
github.com/milvus-io/milvus/internal/querynode/search_collection.go:498.2,499.36 2 0
github.com/milvus-io/milvus/internal/querynode/search_collection.go:555.2,561.12 7 0
github.com/milvus-io/milvus/internal/querynode/search_collection.go:311.16,313.3 1 0
github.com/milvus-io/milvus/internal/querynode/search_collection.go:315.59,318.17 3 0
github.com/milvus-io/milvus/internal/querynode/search_collection.go:318.17,320.4 1 0
github.com/milvus-io/milvus/internal/querynode/search_collection.go:321.8,324.17 3 0
github.com/milvus-io/milvus/internal/querynode/search_collection.go:324.17,326.4 1 0
github.com/milvus-io/milvus/internal/querynode/search_collection.go:330.16,332.3 1 0
github.com/milvus-io/milvus/internal/querynode/search_collection.go:343.35,346.33 3 0
github.com/milvus-io/milvus/internal/querynode/search_collection.go:349.3,349.44 1 0
github.com/milvus-io/milvus/internal/querynode/search_collection.go:352.3,353.61 2 0
github.com/milvus-io/milvus/internal/querynode/search_collection.go:346.33,348.4 1 0
github.com/milvus-io/milvus/internal/querynode/search_collection.go:349.44,351.4 1 0
github.com/milvus-io/milvus/internal/querynode/search_collection.go:354.8,355.42 1 0
github.com/milvus-io/milvus/internal/querynode/search_collection.go:355.42,357.19 2 0
github.com/milvus-io/milvus/internal/querynode/search_collection.go:360.4,361.19 2 0
github.com/milvus-io/milvus/internal/querynode/search_collection.go:364.4,364.34 1 0
github.com/milvus-io/milvus/internal/querynode/search_collection.go:357.19,359.5 1 0
github.com/milvus-io/milvus/internal/querynode/search_collection.go:361.19,363.5 1 0
github.com/milvus-io/milvus/internal/querynode/search_collection.go:364.34,366.5 1 0
github.com/milvus-io/milvus/internal/querynode/search_collection.go:370.59,374.3 1 0
github.com/milvus-io/milvus/internal/querynode/search_collection.go:374.8,378.3 1 0
github.com/milvus-io/milvus/internal/querynode/search_collection.go:381.61,383.17 2 0
github.com/milvus-io/milvus/internal/querynode/search_collection.go:386.3,386.40 1 0
github.com/milvus-io/milvus/internal/querynode/search_collection.go:383.17,385.4 1 0
github.com/milvus-io/milvus/internal/querynode/search_collection.go:386.40,388.18 2 0
github.com/milvus-io/milvus/internal/querynode/search_collection.go:391.4,393.18 2 0
github.com/milvus-io/milvus/internal/querynode/search_collection.go:396.4,398.68 3 0
github.com/milvus-io/milvus/internal/querynode/search_collection.go:388.18,390.5 1 0
github.com/milvus-io/milvus/internal/querynode/search_collection.go:393.18,395.5 1 0
github.com/milvus-io/milvus/internal/querynode/search_collection.go:403.60,405.17 2 0
github.com/milvus-io/milvus/internal/querynode/search_collection.go:408.3,408.40 1 0
github.com/milvus-io/milvus/internal/querynode/search_collection.go:405.17,407.4 1 0
github.com/milvus-io/milvus/internal/querynode/search_collection.go:408.40,410.18 2 0
github.com/milvus-io/milvus/internal/querynode/search_collection.go:413.4,415.18 2 0
github.com/milvus-io/milvus/internal/querynode/search_collection.go:418.4,419.54 2 0
github.com/milvus-io/milvus/internal/querynode/search_collection.go:410.18,412.5 1 0
github.com/milvus-io/milvus/internal/querynode/search_collection.go:415.18,417.5 1 0
github.com/milvus-io/milvus/internal/querynode/search_collection.go:424.29,425.40 1 0
github.com/milvus-io/milvus/internal/querynode/search_collection.go:425.40,429.33 4 0
github.com/milvus-io/milvus/internal/querynode/search_collection.go:436.4,453.18 4 0
github.com/milvus-io/milvus/internal/querynode/search_collection.go:456.4,456.14 1 0
github.com/milvus-io/milvus/internal/querynode/search_collection.go:429.33,431.19 2 0
github.com/milvus-io/milvus/internal/querynode/search_collection.go:434.5,434.20 1 0
github.com/milvus-io/milvus/internal/querynode/search_collection.go:431.19,433.6 1 0
github.com/milvus-io/milvus/internal/querynode/search_collection.go:453.18,455.5 1 0
github.com/milvus-io/milvus/internal/querynode/search_collection.go:463.21,467.17 4 0
github.com/milvus-io/milvus/internal/querynode/search_collection.go:470.3,472.17 3 0
github.com/milvus-io/milvus/internal/querynode/search_collection.go:467.17,469.4 1 0
github.com/milvus-io/milvus/internal/querynode/search_collection.go:472.17,474.4 1 0
github.com/milvus-io/milvus/internal/querynode/search_collection.go:475.8,478.17 3 0
github.com/milvus-io/milvus/internal/querynode/search_collection.go:481.3,483.17 3 0
github.com/milvus-io/milvus/internal/querynode/search_collection.go:486.3,488.17 3 0
github.com/milvus-io/milvus/internal/querynode/search_collection.go:478.17,480.4 1 0
github.com/milvus-io/milvus/internal/querynode/search_collection.go:483.17,485.4 1 0
github.com/milvus-io/milvus/internal/querynode/search_collection.go:488.17,490.4 1 0
github.com/milvus-io/milvus/internal/querynode/search_collection.go:494.16,496.3 1 0
github.com/milvus-io/milvus/internal/querynode/search_collection.go:499.36,501.17 2 0
github.com/milvus-io/milvus/internal/querynode/search_collection.go:504.3,505.44 2 0
github.com/milvus-io/milvus/internal/querynode/search_collection.go:517.3,550.17 4 0
github.com/milvus-io/milvus/internal/querynode/search_collection.go:501.17,503.4 1 0
github.com/milvus-io/milvus/internal/querynode/search_collection.go:505.44,516.4 2 0
github.com/milvus-io/milvus/internal/querynode/search_collection.go:550.17,552.4 1 0
github.com/milvus-io/milvus/internal/querynode/search_collection.go:564.98,574.16 8 0
github.com/milvus-io/milvus/internal/querynode/search_collection.go:581.2,581.12 1 0
github.com/milvus-io/milvus/internal/querynode/search_collection.go:574.16,576.3 1 0
github.com/milvus-io/milvus/internal/querynode/search_collection.go:576.8,580.3 1 0
github.com/milvus-io/milvus/internal/querynode/search_collection.go:584.107,609.16 9 0
github.com/milvus-io/milvus/internal/querynode/search_collection.go:613.2,613.12 1 0
github.com/milvus-io/milvus/internal/querynode/search_collection.go:609.16,611.3 1 0
github.com/milvus-io/milvus/internal/querynode/task.go:72.34,74.2 1 0
github.com/milvus-io/milvus/internal/querynode/task.go:76.40,78.2 1 0
github.com/milvus-io/milvus/internal/querynode/task.go:80.41,83.2 2 0
github.com/milvus-io/milvus/internal/querynode/task.go:85.38,87.2 1 0
github.com/milvus-io/milvus/internal/querynode/task.go:90.53,91.23 1 0
github.com/milvus-io/milvus/internal/querynode/task.go:95.2,95.29 1 0
github.com/milvus-io/milvus/internal/querynode/task.go:91.23,94.3 2 0
github.com/milvus-io/milvus/internal/querynode/task.go:98.49,99.39 1 0
github.com/milvus-io/milvus/internal/querynode/task.go:104.2,104.12 1 0
github.com/milvus-io/milvus/internal/querynode/task.go:99.39,101.3 1 0
github.com/milvus-io/milvus/internal/querynode/task.go:101.8,103.3 1 0
github.com/milvus-io/milvus/internal/querynode/task.go:107.69,109.2 1 0
github.com/milvus-io/milvus/internal/querynode/task.go:111.66,118.16 4 0
github.com/milvus-io/milvus/internal/querynode/task.go:122.2,125.36 2 0
github.com/milvus-io/milvus/internal/querynode/task.go:129.2,135.35 5 0
github.com/milvus-io/milvus/internal/querynode/task.go:152.2,153.16 2 0
github.com/milvus-io/milvus/internal/querynode/task.go:156.2,160.16 3 0
github.com/milvus-io/milvus/internal/querynode/task.go:163.2,163.43 1 0
github.com/milvus-io/milvus/internal/querynode/task.go:175.2,178.33 2 0
github.com/milvus-io/milvus/internal/querynode/task.go:192.2,197.16 4 0
github.com/milvus-io/milvus/internal/querynode/task.go:201.2,202.12 2 0
github.com/milvus-io/milvus/internal/querynode/task.go:118.16,121.3 2 0
github.com/milvus-io/milvus/internal/querynode/task.go:125.36,128.3 2 0
github.com/milvus-io/milvus/internal/querynode/task.go:135.35,136.31 1 0
github.com/milvus-io/milvus/internal/querynode/task.go:140.3,145.17 5 0
github.com/milvus-io/milvus/internal/querynode/task.go:136.31,138.12 2 0
github.com/milvus-io/milvus/internal/querynode/task.go:145.17,148.4 2 0
github.com/milvus-io/milvus/internal/querynode/task.go:153.16,155.3 1 0
github.com/milvus-io/milvus/internal/querynode/task.go:160.16,162.3 1 0
github.com/milvus-io/milvus/internal/querynode/task.go:163.43,164.30 1 0
github.com/milvus-io/milvus/internal/querynode/task.go:164.30,165.29 1 0
github.com/milvus-io/milvus/internal/querynode/task.go:165.29,167.19 2 0
github.com/milvus-io/milvus/internal/querynode/task.go:167.19,171.6 3 0
github.com/milvus-io/milvus/internal/querynode/task.go:178.33,179.30 1 0
github.com/milvus-io/milvus/internal/querynode/task.go:179.30,180.37 1 0
github.com/milvus-io/milvus/internal/querynode/task.go:180.37,182.19 2 0
github.com/milvus-io/milvus/internal/querynode/task.go:182.19,186.6 3 0
github.com/milvus-io/milvus/internal/querynode/task.go:197.16,199.3 1 0
github.com/milvus-io/milvus/internal/querynode/task.go:205.70,207.2 1 0
github.com/milvus-io/milvus/internal/querynode/task.go:210.50,211.23 1 0
github.com/milvus-io/milvus/internal/querynode/task.go:215.2,215.29 1 0
github.com/milvus-io/milvus/internal/querynode/task.go:211.23,214.3 2 0
github.com/milvus-io/milvus/internal/querynode/task.go:218.46,219.39 1 0
github.com/milvus-io/milvus/internal/querynode/task.go:224.2,224.12 1 0
github.com/milvus-io/milvus/internal/querynode/task.go:219.39,221.3 1 0
github.com/milvus-io/milvus/internal/querynode/task.go:221.8,223.3 1 0
github.com/milvus-io/milvus/internal/querynode/task.go:227.66,229.2 1 0
github.com/milvus-io/milvus/internal/querynode/task.go:231.63,243.32 9 0
github.com/milvus-io/milvus/internal/querynode/task.go:259.2,259.31 1 0
github.com/milvus-io/milvus/internal/querynode/task.go:273.2,274.16 2 0
github.com/milvus-io/milvus/internal/querynode/task.go:278.2,278.26 1 0
github.com/milvus-io/milvus/internal/querynode/task.go:282.2,283.16 2 0
github.com/milvus-io/milvus/internal/querynode/task.go:287.2,288.12 2 0
github.com/milvus-io/milvus/internal/querynode/task.go:243.32,246.17 2 0
github.com/milvus-io/milvus/internal/querynode/task.go:250.3,251.32 2 0
github.com/milvus-io/milvus/internal/querynode/task.go:257.3,257.62 1 0
github.com/milvus-io/milvus/internal/querynode/task.go:246.17,248.4 1 0
github.com/milvus-io/milvus/internal/querynode/task.go:251.32,253.18 2 0
github.com/milvus-io/milvus/internal/querynode/task.go:253.18,255.5 1 0
github.com/milvus-io/milvus/internal/querynode/task.go:259.31,261.17 2 0
github.com/milvus-io/milvus/internal/querynode/task.go:265.3,266.31 2 0
github.com/milvus-io/milvus/internal/querynode/task.go:261.17,263.4 1 0
github.com/milvus-io/milvus/internal/querynode/task.go:266.31,268.18 2 0
github.com/milvus-io/milvus/internal/querynode/task.go:268.18,270.5 1 0
github.com/milvus-io/milvus/internal/querynode/task.go:274.16,276.3 1 0
github.com/milvus-io/milvus/internal/querynode/task.go:278.26,280.3 1 0
github.com/milvus-io/milvus/internal/querynode/task.go:283.16,285.3 1 0
github.com/milvus-io/milvus/internal/querynode/task.go:291.67,293.2 1 0
github.com/milvus-io/milvus/internal/querynode/task.go:296.55,297.23 1 0
github.com/milvus-io/milvus/internal/querynode/task.go:301.2,301.29 1 0
github.com/milvus-io/milvus/internal/querynode/task.go:297.23,300.3 2 0
github.com/milvus-io/milvus/internal/querynode/task.go:304.51,305.39 1 0
github.com/milvus-io/milvus/internal/querynode/task.go:310.2,310.12 1 0
github.com/milvus-io/milvus/internal/querynode/task.go:305.39,307.3 1 0
github.com/milvus-io/milvus/internal/querynode/task.go:307.8,309.3 1 0
github.com/milvus-io/milvus/internal/querynode/task.go:313.71,315.2 1 0
github.com/milvus-io/milvus/internal/querynode/task.go:317.68,321.16 4 0
github.com/milvus-io/milvus/internal/querynode/task.go:330.2,332.66 2 0
github.com/milvus-io/milvus/internal/querynode/task.go:336.2,337.31 2 0
github.com/milvus-io/milvus/internal/querynode/task.go:344.2,345.30 2 0
github.com/milvus-io/milvus/internal/querynode/task.go:353.2,356.12 3 0
github.com/milvus-io/milvus/internal/querynode/task.go:321.16,323.3 1 0
github.com/milvus-io/milvus/internal/querynode/task.go:323.8,325.61 1 0
github.com/milvus-io/milvus/internal/querynode/task.go:325.61,327.4 1 0
github.com/milvus-io/milvus/internal/querynode/task.go:332.66,334.3 1 0
github.com/milvus-io/milvus/internal/querynode/task.go:337.31,339.17 2 0
github.com/milvus-io/milvus/internal/querynode/task.go:339.17,341.4 1 0
github.com/milvus-io/milvus/internal/querynode/task.go:345.30,347.17 2 0
github.com/milvus-io/milvus/internal/querynode/task.go:347.17,349.4 1 0
github.com/milvus-io/milvus/internal/querynode/task.go:359.72,361.2 1 0
github.com/milvus-io/milvus/internal/querynode/task.go:364.55,365.23 1 0
github.com/milvus-io/milvus/internal/querynode/task.go:369.2,369.29 1 0
github.com/milvus-io/milvus/internal/querynode/task.go:365.23,368.3 2 0
github.com/milvus-io/milvus/internal/querynode/task.go:372.51,373.39 1 0
github.com/milvus-io/milvus/internal/querynode/task.go:378.2,378.12 1 0
github.com/milvus-io/milvus/internal/querynode/task.go:373.39,375.3 1 0
github.com/milvus-io/milvus/internal/querynode/task.go:375.8,377.3 1 0
github.com/milvus-io/milvus/internal/querynode/task.go:381.71,383.2 1 0
github.com/milvus-io/milvus/internal/querynode/task.go:385.68,386.40 1 0
github.com/milvus-io/milvus/internal/querynode/task.go:404.2,404.12 1 0
github.com/milvus-io/milvus/internal/querynode/task.go:386.40,388.31 2 0
github.com/milvus-io/milvus/internal/querynode/task.go:396.3,397.30 2 0
github.com/milvus-io/milvus/internal/querynode/task.go:388.31,390.18 2 0
github.com/milvus-io/milvus/internal/querynode/task.go:390.18,393.5 1 0
github.com/milvus-io/milvus/internal/querynode/task.go:397.30,399.18 2 0
github.com/milvus-io/milvus/internal/querynode/task.go:399.18,401.5 1 0
github.com/milvus-io/milvus/internal/querynode/task.go:407.72,409.2 1 0
github.com/milvus-io/milvus/internal/querynode/tsafe_replica.go:33.62,37.16 4 0
github.com/milvus-io/milvus/internal/querynode/tsafe_replica.go:41.2,41.20 1 0
github.com/milvus-io/milvus/internal/querynode/tsafe_replica.go:37.16,40.3 1 0
github.com/milvus-io/milvus/internal/querynode/tsafe_replica.go:44.73,48.16 4 0
github.com/milvus-io/milvus/internal/querynode/tsafe_replica.go:52.2,52.22 1 0
github.com/milvus-io/milvus/internal/querynode/tsafe_replica.go:48.16,51.3 1 0
github.com/milvus-io/milvus/internal/querynode/tsafe_replica.go:55.76,56.38 1 0
github.com/milvus-io/milvus/internal/querynode/tsafe_replica.go:61.2,61.32 1 0
github.com/milvus-io/milvus/internal/querynode/tsafe_replica.go:56.38,60.3 2 0
github.com/milvus-io/milvus/internal/querynode/tsafe_replica.go:64.52,69.2 3 0
github.com/milvus-io/milvus/internal/querynode/tsafe_replica.go:71.55,75.16 4 0
github.com/milvus-io/milvus/internal/querynode/tsafe_replica.go:78.2,79.28 2 0
github.com/milvus-io/milvus/internal/querynode/tsafe_replica.go:75.16,77.3 1 0
github.com/milvus-io/milvus/internal/querynode/tsafe_replica.go:82.87,86.16 4 0
github.com/milvus-io/milvus/internal/querynode/tsafe_replica.go:90.2,90.37 1 0
github.com/milvus-io/milvus/internal/querynode/tsafe_replica.go:86.16,89.3 1 0
github.com/milvus-io/milvus/internal/querynode/tsafe_replica.go:93.46,98.2 2 23
github.com/milvus-io/milvus/internal/querynode/collection_replica.go:105.68,109.41 4 0
github.com/milvus-io/milvus/internal/querynode/collection_replica.go:112.2,112.22 1 0
github.com/milvus-io/milvus/internal/querynode/collection_replica.go:109.41,111.3 1 0
github.com/milvus-io/milvus/internal/querynode/collection_replica.go:115.116,119.61 3 22
github.com/milvus-io/milvus/internal/querynode/collection_replica.go:123.2,126.12 3 22
github.com/milvus-io/milvus/internal/querynode/collection_replica.go:119.61,121.3 1 0
github.com/milvus-io/milvus/internal/querynode/collection_replica.go:129.84,133.2 3 1
github.com/milvus-io/milvus/internal/querynode/collection_replica.go:135.91,137.16 2 22
github.com/milvus-io/milvus/internal/querynode/collection_replica.go:142.2,142.54 1 22
github.com/milvus-io/milvus/internal/querynode/collection_replica.go:147.2,150.12 3 22
github.com/milvus-io/milvus/internal/querynode/collection_replica.go:137.16,139.3 1 0
github.com/milvus-io/milvus/internal/querynode/collection_replica.go:142.54,145.3 1 31
github.com/milvus-io/milvus/internal/querynode/collection_replica.go:153.100,157.2 3 30
github.com/milvus-io/milvus/internal/querynode/collection_replica.go:159.107,161.9 2 156
github.com/milvus-io/milvus/internal/querynode/collection_replica.go:165.2,165.24 1 151
github.com/milvus-io/milvus/internal/querynode/collection_replica.go:161.9,163.3 1 5
github.com/milvus-io/milvus/internal/querynode/collection_replica.go:168.80,172.2 3 2
github.com/milvus-io/milvus/internal/querynode/collection_replica.go:174.87,177.2 2 24
github.com/milvus-io/milvus/internal/querynode/collection_replica.go:179.61,183.2 3 25
github.com/milvus-io/milvus/internal/querynode/collection_replica.go:185.97,190.16 4 0
github.com/milvus-io/milvus/internal/querynode/collection_replica.go:194.2,194.37 1 0
github.com/milvus-io/milvus/internal/querynode/collection_replica.go:190.16,192.3 1 0
github.com/milvus-io/milvus/internal/querynode/collection_replica.go:197.107,202.16 4 0
github.com/milvus-io/milvus/internal/querynode/collection_replica.go:206.2,207.31 2 0
github.com/milvus-io/milvus/internal/querynode/collection_replica.go:213.2,213.25 1 0
github.com/milvus-io/milvus/internal/querynode/collection_replica.go:217.2,217.23 1 0
github.com/milvus-io/milvus/internal/querynode/collection_replica.go:202.16,204.3 1 0
github.com/milvus-io/milvus/internal/querynode/collection_replica.go:207.31,208.106 1 0
github.com/milvus-io/milvus/internal/querynode/collection_replica.go:208.106,210.4 1 0
github.com/milvus-io/milvus/internal/querynode/collection_replica.go:213.25,215.3 1 0
github.com/milvus-io/milvus/internal/querynode/collection_replica.go:220.104,225.16 4 0
github.com/milvus-io/milvus/internal/querynode/collection_replica.go:229.2,230.31 2 0
github.com/milvus-io/milvus/internal/querynode/collection_replica.go:235.2,237.26 2 0
github.com/milvus-io/milvus/internal/querynode/collection_replica.go:225.16,227.3 1 0
github.com/milvus-io/milvus/internal/querynode/collection_replica.go:230.31,232.3 1 0
github.com/milvus-io/milvus/internal/querynode/collection_replica.go:240.125,242.16 2 0
github.com/milvus-io/milvus/internal/querynode/collection_replica.go:246.2,246.42 1 0
github.com/milvus-io/milvus/internal/querynode/collection_replica.go:250.2,250.40 1 0
github.com/milvus-io/milvus/internal/querynode/collection_replica.go:242.16,244.3 1 0
github.com/milvus-io/milvus/internal/querynode/collection_replica.go:246.42,248.3 1 0
github.com/milvus-io/milvus/internal/querynode/collection_replica.go:254.102,258.2 3 34
github.com/milvus-io/milvus/internal/querynode/collection_replica.go:260.109,262.16 2 34
github.com/milvus-io/milvus/internal/querynode/collection_replica.go:266.2,269.12 4 34
github.com/milvus-io/milvus/internal/querynode/collection_replica.go:262.16,264.3 1 0
github.com/milvus-io/milvus/internal/querynode/collection_replica.go:272.82,276.2 3 3
github.com/milvus-io/milvus/internal/querynode/collection_replica.go:278.89,280.16 2 34
github.com/milvus-io/milvus/internal/querynode/collection_replica.go:284.2,285.16 2 32
github.com/milvus-io/milvus/internal/querynode/collection_replica.go:290.2,290.49 1 32
github.com/milvus-io/milvus/internal/querynode/collection_replica.go:295.2,298.12 3 32
github.com/milvus-io/milvus/internal/querynode/collection_replica.go:280.16,282.3 1 2
github.com/milvus-io/milvus/internal/querynode/collection_replica.go:285.16,287.3 1 0
github.com/milvus-io/milvus/internal/querynode/collection_replica.go:290.49,293.3 1 29
github.com/milvus-io/milvus/internal/querynode/collection_replica.go:301.97,305.2 3 10
github.com/milvus-io/milvus/internal/querynode/collection_replica.go:307.104,309.9 2 114
github.com/milvus-io/milvus/internal/querynode/collection_replica.go:313.2,313.23 1 112
github.com/milvus-io/milvus/internal/querynode/collection_replica.go:309.9,311.3 1 2
github.com/milvus-io/milvus/internal/querynode/collection_replica.go:316.78,320.2 3 2
github.com/milvus-io/milvus/internal/querynode/collection_replica.go:322.85,325.2 2 2
github.com/milvus-io/milvus/internal/querynode/collection_replica.go:327.60,331.2 3 1
github.com/milvus-io/milvus/internal/querynode/collection_replica.go:333.94,337.2 3 0
github.com/milvus-io/milvus/internal/querynode/collection_replica.go:339.101,341.17 2 0
github.com/milvus-io/milvus/internal/querynode/collection_replica.go:344.2,344.34 1 0
github.com/milvus-io/milvus/internal/querynode/collection_replica.go:341.17,343.3 1 0
github.com/milvus-io/milvus/internal/querynode/collection_replica.go:347.82,352.16 4 0
github.com/milvus-io/milvus/internal/querynode/collection_replica.go:356.2,357.12 2 0
github.com/milvus-io/milvus/internal/querynode/collection_replica.go:352.16,354.3 1 0
github.com/milvus-io/milvus/internal/querynode/collection_replica.go:360.83,365.16 4 0
github.com/milvus-io/milvus/internal/querynode/collection_replica.go:369.2,370.12 2 0
github.com/milvus-io/milvus/internal/querynode/collection_replica.go:365.16,367.3 1 0
github.com/milvus-io/milvus/internal/querynode/collection_replica.go:373.81,375.50 2 0
github.com/milvus-io/milvus/internal/querynode/collection_replica.go:380.2,380.21 1 0
github.com/milvus-io/milvus/internal/querynode/collection_replica.go:375.50,376.23 1 0
github.com/milvus-io/milvus/internal/querynode/collection_replica.go:376.23,378.4 1 0
github.com/milvus-io/milvus/internal/querynode/collection_replica.go:384.162,388.16 4 38
github.com/milvus-io/milvus/internal/querynode/collection_replica.go:391.2,392.66 2 38
github.com/milvus-io/milvus/internal/querynode/collection_replica.go:388.16,390.3 1 0
github.com/milvus-io/milvus/internal/querynode/collection_replica.go:395.122,397.16 2 38
github.com/milvus-io/milvus/internal/querynode/collection_replica.go:401.2,401.45 1 38
github.com/milvus-io/milvus/internal/querynode/collection_replica.go:404.2,407.12 3 34
github.com/milvus-io/milvus/internal/querynode/collection_replica.go:397.16,399.3 1 0
github.com/milvus-io/milvus/internal/querynode/collection_replica.go:401.45,403.3 1 4
github.com/milvus-io/milvus/internal/querynode/collection_replica.go:410.73,414.16 4 0
github.com/milvus-io/milvus/internal/querynode/collection_replica.go:417.2,417.86 1 0
github.com/milvus-io/milvus/internal/querynode/collection_replica.go:414.16,416.3 1 0
github.com/milvus-io/milvus/internal/querynode/collection_replica.go:420.78,424.2 3 3
github.com/milvus-io/milvus/internal/querynode/collection_replica.go:426.85,429.16 3 32
github.com/milvus-io/milvus/internal/querynode/collection_replica.go:433.2,434.17 2 32
github.com/milvus-io/milvus/internal/querynode/collection_replica.go:438.2,442.12 4 32
github.com/milvus-io/milvus/internal/querynode/collection_replica.go:429.16,431.3 1 0
github.com/milvus-io/milvus/internal/querynode/collection_replica.go:434.17,436.3 1 0
github.com/milvus-io/milvus/internal/querynode/collection_replica.go:445.91,449.2 3 17
github.com/milvus-io/milvus/internal/querynode/collection_replica.go:451.98,453.9 2 51
github.com/milvus-io/milvus/internal/querynode/collection_replica.go:457.2,457.21 1 51
github.com/milvus-io/milvus/internal/querynode/collection_replica.go:453.9,455.3 1 0
github.com/milvus-io/milvus/internal/querynode/collection_replica.go:460.74,464.2 3 6
github.com/milvus-io/milvus/internal/querynode/collection_replica.go:466.81,469.2 2 44
github.com/milvus-io/milvus/internal/querynode/collection_replica.go:471.58,475.2 3 1
github.com/milvus-io/milvus/internal/querynode/collection_replica.go:477.88,483.54 4 5
github.com/milvus-io/milvus/internal/querynode/collection_replica.go:499.2,499.22 1 5
github.com/milvus-io/milvus/internal/querynode/collection_replica.go:483.54,497.3 6 5
github.com/milvus-io/milvus/internal/querynode/collection_replica.go:502.128,510.73 6 0
github.com/milvus-io/milvus/internal/querynode/collection_replica.go:528.2,528.66 1 0
github.com/milvus-io/milvus/internal/querynode/collection_replica.go:510.73,512.17 2 0
github.com/milvus-io/milvus/internal/querynode/collection_replica.go:515.3,515.40 1 0
github.com/milvus-io/milvus/internal/querynode/collection_replica.go:512.17,513.12 1 0
github.com/milvus-io/milvus/internal/querynode/collection_replica.go:515.40,517.18 2 0
github.com/milvus-io/milvus/internal/querynode/collection_replica.go:520.4,520.36 1 0
github.com/milvus-io/milvus/internal/querynode/collection_replica.go:517.18,518.13 1 0
github.com/milvus-io/milvus/internal/querynode/collection_replica.go:520.36,524.5 3 0
github.com/milvus-io/milvus/internal/querynode/collection_replica.go:531.121,539.46 6 3
github.com/milvus-io/milvus/internal/querynode/collection_replica.go:551.2,551.66 1 3
github.com/milvus-io/milvus/internal/querynode/collection_replica.go:539.46,540.35 1 3
github.com/milvus-io/milvus/internal/querynode/collection_replica.go:540.35,541.65 1 2
github.com/milvus-io/milvus/internal/querynode/collection_replica.go:545.4,547.66 3 2
github.com/milvus-io/milvus/internal/querynode/collection_replica.go:541.65,542.13 1 0
github.com/milvus-io/milvus/internal/querynode/collection_replica.go:554.99,557.92 3 1
github.com/milvus-io/milvus/internal/querynode/collection_replica.go:561.2,562.40 2 1
github.com/milvus-io/milvus/internal/querynode/collection_replica.go:571.2,572.12 2 1
github.com/milvus-io/milvus/internal/querynode/collection_replica.go:557.92,560.3 2 0
github.com/milvus-io/milvus/internal/querynode/collection_replica.go:562.40,563.54 1 1
github.com/milvus-io/milvus/internal/querynode/collection_replica.go:568.3,568.31 1 1
github.com/milvus-io/milvus/internal/querynode/collection_replica.go:563.54,567.4 2 0
github.com/milvus-io/milvus/internal/querynode/collection_replica.go:575.99,580.52 4 1
github.com/milvus-io/milvus/internal/querynode/collection_replica.go:583.2,583.40 1 1
github.com/milvus-io/milvus/internal/querynode/collection_replica.go:586.2,586.12 1 1
github.com/milvus-io/milvus/internal/querynode/collection_replica.go:580.52,582.3 1 0
github.com/milvus-io/milvus/internal/querynode/collection_replica.go:583.40,585.3 1 1
github.com/milvus-io/milvus/internal/querynode/collection_replica.go:589.104,594.53 4 0
github.com/milvus-io/milvus/internal/querynode/collection_replica.go:597.2,597.40 1 0
[...]
github.com/milvus-io/milvus/internal/querynode/retrieve_service.go:45.46,50.84 3 1
github.com/milvus-io/milvus/internal/querynode/retrieve_service.go:60.2,74.3 2 1
github.com/milvus-io/milvus/internal/querynode/retrieve_service.go:50.84,58.3 7 0
github.com/milvus-io/milvus/internal/querynode/retrieve_service.go:77.36,81.2 3 1
github.com/milvus-io/milvus/internal/querynode/retrieve_service.go:83.73,84.65 1 0
github.com/milvus-io/milvus/internal/querynode/retrieve_service.go:90.2,90.12 1 0
github.com/milvus-io/milvus/internal/querynode/retrieve_service.go:84.65,88.3 3 0
github.com/milvus-io/milvus/internal/querynode/retrieve_service.go:93.46,94.6 1 1
github.com/milvus-io/milvus/internal/querynode/retrieve_service.go:94.6,95.10 1 2
github.com/milvus-io/milvus/internal/querynode/retrieve_service.go:96.24,97.10 1 1
github.com/milvus-io/milvus/internal/querynode/retrieve_service.go:98.11,100.48 2 1
github.com/milvus-io/milvus/internal/querynode/retrieve_service.go:103.4,103.37 1 0
github.com/milvus-io/milvus/internal/querynode/retrieve_service.go:100.48,101.13 1 1
github.com/milvus-io/milvus/internal/querynode/retrieve_service.go:103.37,105.12 2 0
github.com/milvus-io/milvus/internal/querynode/retrieve_service.go:109.5,118.19 5 0
github.com/milvus-io/milvus/internal/querynode/retrieve_service.go:127.5,128.12 2 0
github.com/milvus-io/milvus/internal/querynode/retrieve_service.go:137.5,142.16 3 0
github.com/milvus-io/milvus/internal/querynode/retrieve_service.go:105.12,107.14 1 0
github.com/milvus-io/milvus/internal/querynode/retrieve_service.go:118.19,124.14 2 0
github.com/milvus-io/milvus/internal/querynode/retrieve_service.go:128.12,135.6 2 0
github.com/milvus-io/milvus/internal/querynode/retrieve_service.go:148.36,149.33 1 1
github.com/milvus-io/milvus/internal/querynode/retrieve_service.go:152.2,152.39 1 1
github.com/milvus-io/milvus/internal/querynode/retrieve_service.go:155.2,155.51 1 1
github.com/milvus-io/milvus/internal/querynode/retrieve_service.go:158.2,159.13 2 1
github.com/milvus-io/milvus/internal/querynode/retrieve_service.go:149.33,151.3 1 1
github.com/milvus-io/milvus/internal/querynode/retrieve_service.go:152.39,154.3 1 1
github.com/milvus-io/milvus/internal/querynode/retrieve_service.go:155.51,157.3 1 0
github.com/milvus-io/milvus/internal/querynode/retrieve_service.go:162.75,173.2 4 0
github.com/milvus-io/milvus/internal/querynode/retrieve_service.go:175.78,178.2 2 0
github.com/milvus-io/milvus/internal/querynode/retrieve_service.go:180.74,182.9 2 0
github.com/milvus-io/milvus/internal/querynode/retrieve_service.go:185.2,186.46 2 0
github.com/milvus-io/milvus/internal/querynode/retrieve_service.go:182.9,184.3 1 0
github.com/milvus-io/milvus/internal/querynode/index_info.go:23.32,28.2 1 0
github.com/milvus-io/milvus/internal/querynode/index_info.go:30.50,32.2 1 1
github.com/milvus-io/milvus/internal/querynode/index_info.go:34.48,36.2 1 0
github.com/milvus-io/milvus/internal/querynode/index_info.go:38.48,40.2 1 0
github.com/milvus-io/milvus/internal/querynode/index_info.go:42.54,44.2 1 0
github.com/milvus-io/milvus/internal/querynode/index_info.go:46.65,48.2 1 1
github.com/milvus-io/milvus/internal/querynode/index_info.go:50.48,52.2 1 0
github.com/milvus-io/milvus/internal/querynode/index_info.go:54.46,56.2 1 0
github.com/milvus-io/milvus/internal/querynode/index_info.go:58.46,60.2 1 0
github.com/milvus-io/milvus/internal/querynode/index_info.go:62.46,64.2 1 0
github.com/milvus-io/milvus/internal/querynode/index_info.go:66.49,68.2 1 2
github.com/milvus-io/milvus/internal/querynode/index_info.go:70.59,72.2 1 2
github.com/milvus-io/milvus/internal/querynode/index_info.go:74.44,76.2 1 1
github.com/milvus-io/milvus/internal/querynode/load_service.go:38.31,40.6 2 1
github.com/milvus-io/milvus/internal/querynode/load_service.go:40.6,41.10 1 1
github.com/milvus-io/milvus/internal/querynode/load_service.go:42.23,43.10 1 0
github.com/milvus-io/milvus/internal/querynode/load_service.go:44.57,48.13 3 1
github.com/milvus-io/milvus/internal/querynode/load_service.go:53.31,55.2 1 23
github.com/milvus-io/milvus/internal/querynode/load_service.go:57.63,59.29 2 1
github.com/milvus-io/milvus/internal/querynode/load_service.go:63.2,64.31 2 0
github.com/milvus-io/milvus/internal/querynode/load_service.go:88.2,89.16 2 0
github.com/milvus-io/milvus/internal/querynode/load_service.go:95.2,95.11 1 0
github.com/milvus-io/milvus/internal/querynode/load_service.go:59.29,62.3 2 1
github.com/milvus-io/milvus/internal/querynode/load_service.go:64.31,66.17 2 0
github.com/milvus-io/milvus/internal/querynode/load_service.go:70.3,71.17 2 0
github.com/milvus-io/milvus/internal/querynode/load_service.go:75.3,78.17 4 0
github.com/milvus-io/milvus/internal/querynode/load_service.go:82.3,82.17 1 0
github.com/milvus-io/milvus/internal/querynode/load_service.go:66.17,68.4 1 0
github.com/milvus-io/milvus/internal/querynode/load_service.go:71.17,73.12 2 0
github.com/milvus-io/milvus/internal/querynode/load_service.go:78.17,81.4 1 0
github.com/milvus-io/milvus/internal/querynode/load_service.go:82.17,85.4 2 0
github.com/milvus-io/milvus/internal/querynode/load_service.go:89.16,93.3 3 0
github.com/milvus-io/milvus/internal/querynode/load_service.go:99.136,101.24 1 0
github.com/milvus-io/milvus/internal/querynode/load_service.go:108.2,108.39 1 0
github.com/milvus-io/milvus/internal/querynode/load_service.go:132.2,132.12 1 0
github.com/milvus-io/milvus/internal/querynode/load_service.go:101.24,104.17 3 0
github.com/milvus-io/milvus/internal/querynode/load_service.go:104.17,106.4 1 0
github.com/milvus-io/milvus/internal/querynode/load_service.go:108.39,110.17 2 0
github.com/milvus-io/milvus/internal/querynode/load_service.go:113.3,114.17 2 0
github.com/milvus-io/milvus/internal/querynode/load_service.go:118.3,121.17 4 0
github.com/milvus-io/milvus/internal/querynode/load_service.go:124.3,124.17 1 0
github.com/milvus-io/milvus/internal/querynode/load_service.go:110.17,112.4 1 0
github.com/milvus-io/milvus/internal/querynode/load_service.go:114.17,116.4 1 0
github.com/milvus-io/milvus/internal/querynode/load_service.go:121.17,123.4 1 0
github.com/milvus-io/milvus/internal/querynode/load_service.go:124.17,127.18 3 0
github.com/milvus-io/milvus/internal/querynode/load_service.go:127.18,129.5 1 0
github.com/milvus-io/milvus/internal/querynode/load_service.go:135.70,141.16 6 0
github.com/milvus-io/milvus/internal/querynode/load_service.go:144.2,145.16 2 0
github.com/milvus-io/milvus/internal/querynode/load_service.go:149.2,149.12 1 0
github.com/milvus-io/milvus/internal/querynode/load_service.go:141.16,143.3 1 0
github.com/milvus-io/milvus/internal/querynode/load_service.go:145.16,147.3 1 0
github.com/milvus-io/milvus/internal/querynode/load_service.go:152.108,155.16 2 0
github.com/milvus-io/milvus/internal/querynode/load_service.go:158.2,158.65 1 0
github.com/milvus-io/milvus/internal/querynode/load_service.go:162.2,163.16 2 0
github.com/milvus-io/milvus/internal/querynode/load_service.go:166.2,167.16 2 0
github.com/milvus-io/milvus/internal/querynode/load_service.go:171.2,172.44 2 0
github.com/milvus-io/milvus/internal/querynode/load_service.go:181.2,186.16 3 0
github.com/milvus-io/milvus/internal/querynode/load_service.go:189.2,191.16 3 0
github.com/milvus-io/milvus/internal/querynode/load_service.go:194.2,194.39 1 0
github.com/milvus-io/milvus/internal/querynode/load_service.go:202.2,202.12 1 0
github.com/milvus-io/milvus/internal/querynode/load_service.go:155.16,157.3 1 0
github.com/milvus-io/milvus/internal/querynode/load_service.go:158.65,160.3 1 0
github.com/milvus-io/milvus/internal/querynode/load_service.go:163.16,165.3 1 0
github.com/milvus-io/milvus/internal/querynode/load_service.go:167.16,169.3 1 0
github.com/milvus-io/milvus/internal/querynode/load_service.go:172.44,174.17 2 0
github.com/milvus-io/milvus/internal/querynode/load_service.go:178.3,178.60 1 0
github.com/milvus-io/milvus/internal/querynode/load_service.go:174.17,176.12 2 0
github.com/milvus-io/milvus/internal/querynode/load_service.go:186.16,188.3 1 0
github.com/milvus-io/milvus/internal/querynode/load_service.go:191.16,193.3 1 0
github.com/milvus-io/milvus/internal/querynode/load_service.go:194.39,197.17 3 0
github.com/milvus-io/milvus/internal/querynode/load_service.go:197.17,199.4 1 0
github.com/milvus-io/milvus/internal/querynode/load_service.go:205.180,216.2 3 24
github.com/milvus-io/milvus/internal/querynode/flow_graph_filter_dm_node.go:35.44,37.2 1 5
github.com/milvus-io/milvus/internal/querynode/flow_graph_filter_dm_node.go:39.74,42.18 1 1
github.com/milvus-io/milvus/internal/querynode/flow_graph_filter_dm_node.go:47.2,48.9 2 1
github.com/milvus-io/milvus/internal/querynode/flow_graph_filter_dm_node.go:53.2,53.25 1 1
github.com/milvus-io/milvus/internal/querynode/flow_graph_filter_dm_node.go:57.2,58.48 2 0
github.com/milvus-io/milvus/internal/querynode/flow_graph_filter_dm_node.go:64.2,71.48 2 0
github.com/milvus-io/milvus/internal/querynode/flow_graph_filter_dm_node.go:83.2,84.27 2 0
github.com/milvus-io/milvus/internal/querynode/flow_graph_filter_dm_node.go:87.2,87.19 1 0
github.com/milvus-io/milvus/internal/querynode/flow_graph_filter_dm_node.go:42.18,45.3 1 0
github.com/milvus-io/milvus/internal/querynode/flow_graph_filter_dm_node.go:48.9,51.3 1 1
github.com/milvus-io/milvus/internal/querynode/flow_graph_filter_dm_node.go:53.25,55.3 1 1
github.com/milvus-io/milvus/internal/querynode/flow_graph_filter_dm_node.go:58.48,62.3 3 0
github.com/milvus-io/milvus/internal/querynode/flow_graph_filter_dm_node.go:71.48,72.21 1 0
github.com/milvus-io/milvus/internal/querynode/flow_graph_filter_dm_node.go:73.32,75.21 2 0
github.com/milvus-io/milvus/internal/querynode/flow_graph_filter_dm_node.go:78.11,79.76 1 0
github.com/milvus-io/milvus/internal/querynode/flow_graph_filter_dm_node.go:75.21,77.5 1 0
github.com/milvus-io/milvus/internal/querynode/flow_graph_filter_dm_node.go:84.27,86.3 1 0
github.com/milvus-io/milvus/internal/querynode/flow_graph_filter_dm_node.go:90.104,97.31 6 0
github.com/milvus-io/milvus/internal/querynode/flow_graph_filter_dm_node.go:102.2,102.46 1 0
github.com/milvus-io/milvus/internal/querynode/flow_graph_filter_dm_node.go:107.2,107.91 1 0
github.com/milvus-io/milvus/internal/querynode/flow_graph_filter_dm_node.go:112.2,114.16 2 0
github.com/milvus-io/milvus/internal/querynode/flow_graph_filter_dm_node.go:118.2,118.38 1 0
github.com/milvus-io/milvus/internal/querynode/flow_graph_filter_dm_node.go:124.2,124.83 1 0
github.com/milvus-io/milvus/internal/querynode/flow_graph_filter_dm_node.go:130.2,130.30 1 0
github.com/milvus-io/milvus/internal/querynode/flow_graph_filter_dm_node.go:134.2,134.12 1 0
github.com/milvus-io/milvus/internal/querynode/flow_graph_filter_dm_node.go:97.31,99.3 1 0
github.com/milvus-io/milvus/internal/querynode/flow_graph_filter_dm_node.go:102.46,104.3 1 0
github.com/milvus-io/milvus/internal/querynode/flow_graph_filter_dm_node.go:107.91,109.3 1 0
github.com/milvus-io/milvus/internal/querynode/flow_graph_filter_dm_node.go:114.16,117.3 2 0
github.com/milvus-io/milvus/internal/querynode/flow_graph_filter_dm_node.go:118.38,119.26 1 0
github.com/milvus-io/milvus/internal/querynode/flow_graph_filter_dm_node.go:119.26,121.4 1 0
github.com/milvus-io/milvus/internal/querynode/flow_graph_filter_dm_node.go:124.83,128.3 2 0
github.com/milvus-io/milvus/internal/querynode/flow_graph_filter_dm_node.go:130.30,132.3 1 0
github.com/milvus-io/milvus/internal/querynode/flow_graph_filter_dm_node.go:140.38,149.81 6 1
github.com/milvus-io/milvus/internal/querynode/flow_graph_filter_dm_node.go:154.2,160.3 1 1
github.com/milvus-io/milvus/internal/querynode/flow_graph_filter_dm_node.go:149.81,152.3 2 0
github.com/milvus-io/milvus/internal/querynode/flow_graph_key2seg_node.go:19.42,21.2 1 0
github.com/milvus-io/milvus/internal/querynode/flow_graph_key2seg_node.go:23.54,25.2 1 0
github.com/milvus-io/milvus/internal/querynode/flow_graph_key2seg_node.go:27.36,38.2 6 0
github.com/milvus-io/milvus/internal/querynode/impl.go:28.101,35.9 3 0
github.com/milvus-io/milvus/internal/querynode/impl.go:43.2,49.19 3 0
github.com/milvus-io/milvus/internal/querynode/impl.go:35.9,42.3 3 0
github.com/milvus-io/milvus/internal/querynode/impl.go:52.98,60.2 1 0
github.com/milvus-io/milvus/internal/querynode/impl.go:62.100,70.2 1 0
github.com/milvus-io/milvus/internal/querynode/impl.go:72.123,102.2 2 0
github.com/milvus-io/milvus/internal/querynode/impl.go:104.129,152.2 2 0
github.com/milvus-io/milvus/internal/querynode/impl.go:154.123,165.16 3 0
github.com/milvus-io/milvus/internal/querynode/impl.go:173.2,175.9 2 0
github.com/milvus-io/milvus/internal/querynode/impl.go:184.2,187.20 2 0
github.com/milvus-io/milvus/internal/querynode/impl.go:165.16,172.3 3 0
github.com/milvus-io/milvus/internal/querynode/impl.go:175.9,177.17 2 0
github.com/milvus-io/milvus/internal/querynode/impl.go:181.3,181.95 1 0
github.com/milvus-io/milvus/internal/querynode/impl.go:177.17,180.4 2 0
github.com/milvus-io/milvus/internal/querynode/impl.go:190.117,201.16 3 0
github.com/milvus-io/milvus/internal/querynode/impl.go:209.2,211.9 2 0
github.com/milvus-io/milvus/internal/querynode/impl.go:220.2,223.20 2 0
github.com/milvus-io/milvus/internal/querynode/impl.go:201.16,208.3 3 0
github.com/milvus-io/milvus/internal/querynode/impl.go:211.9,213.17 2 0
github.com/milvus-io/milvus/internal/querynode/impl.go:217.3,217.92 1 0
github.com/milvus-io/milvus/internal/querynode/impl.go:213.17,216.4 2 0
github.com/milvus-io/milvus/internal/querynode/impl.go:226.127,237.16 3 0
github.com/milvus-io/milvus/internal/querynode/impl.go:245.2,247.9 2 0
github.com/milvus-io/milvus/internal/querynode/impl.go:256.2,259.20 2 0
github.com/milvus-io/milvus/internal/querynode/impl.go:237.16,244.3 3 0
github.com/milvus-io/milvus/internal/querynode/impl.go:247.9,249.17 2 0
github.com/milvus-io/milvus/internal/querynode/impl.go:253.3,253.97 1 0
github.com/milvus-io/milvus/internal/querynode/impl.go:249.17,252.4 2 0
github.com/milvus-io/milvus/internal/querynode/impl.go:262.127,273.16 3 0
github.com/milvus-io/milvus/internal/querynode/impl.go:281.2,283.9 2 0
github.com/milvus-io/milvus/internal/querynode/impl.go:292.2,295.20 2 0
github.com/milvus-io/milvus/internal/querynode/impl.go:273.16,280.3 3 0
github.com/milvus-io/milvus/internal/querynode/impl.go:283.9,285.17 2 0
github.com/milvus-io/milvus/internal/querynode/impl.go:289.3,289.97 1 0
github.com/milvus-io/milvus/internal/querynode/impl.go:285.17,288.4 2 0
github.com/milvus-io/milvus/internal/querynode/impl.go:299.123,303.35 2 0
github.com/milvus-io/milvus/internal/querynode/impl.go:311.2,311.20 1 0
github.com/milvus-io/milvus/internal/querynode/impl.go:303.35,305.18 2 0
github.com/milvus-io/milvus/internal/querynode/impl.go:305.18,309.4 2 0
github.com/milvus-io/milvus/internal/querynode/impl.go:314.136,316.64 2 0
github.com/milvus-io/milvus/internal/querynode/impl.go:339.2,339.35 1 0
github.com/milvus-io/milvus/internal/querynode/impl.go:348.2,348.35 1 0
github.com/milvus-io/milvus/internal/querynode/impl.go:356.2,361.8 1 0
github.com/milvus-io/milvus/internal/querynode/impl.go:316.64,320.34 3 0
github.com/milvus-io/milvus/internal/querynode/impl.go:327.3,336.14 2 0
github.com/milvus-io/milvus/internal/querynode/impl.go:320.34,321.44 1 0
github.com/milvus-io/milvus/internal/querynode/impl.go:321.44,324.10 3 0
github.com/milvus-io/milvus/internal/querynode/impl.go:339.35,341.17 2 0
github.com/milvus-io/milvus/internal/querynode/impl.go:344.3,345.30 2 0
github.com/milvus-io/milvus/internal/querynode/impl.go:341.17,342.12 1 0
github.com/milvus-io/milvus/internal/querynode/impl.go:348.35,350.17 2 0
github.com/milvus-io/milvus/internal/querynode/impl.go:353.3,354.30 2 0
github.com/milvus-io/milvus/internal/querynode/impl.go:350.17,351.12 1 0
github.com/milvus-io/milvus/internal/querynode/data_sync_service.go:46.107,50.63 3 1
github.com/milvus-io/milvus/internal/querynode/data_sync_service.go:53.2,54.37 2 1
github.com/milvus-io/milvus/internal/querynode/data_sync_service.go:70.2,70.12 1 1
github.com/milvus-io/milvus/internal/querynode/data_sync_service.go:50.63,52.3 1 0
github.com/milvus-io/milvus/internal/querynode/data_sync_service.go:54.37,69.3 4 1
github.com/milvus-io/milvus/internal/querynode/data_sync_service.go:73.113,77.64 3 0
github.com/milvus-io/milvus/internal/querynode/data_sync_service.go:80.2,80.58 1 0
github.com/milvus-io/milvus/internal/querynode/data_sync_service.go:77.64,79.3 1 0
github.com/milvus-io/milvus/internal/querynode/data_sync_service.go:83.89,87.64 3 1
github.com/milvus-io/milvus/internal/querynode/data_sync_service.go:90.2,90.66 1 1
github.com/milvus-io/milvus/internal/querynode/data_sync_service.go:95.2,95.12 1 1
github.com/milvus-io/milvus/internal/querynode/data_sync_service.go:87.64,89.3 1 0
github.com/milvus-io/milvus/internal/querynode/data_sync_service.go:90.66,94.3 2 1
github.com/milvus-io/milvus/internal/querynode/data_sync_service.go:98.84,102.63 3 0
github.com/milvus-io/milvus/internal/querynode/data_sync_service.go:109.2,109.54 1 0
github.com/milvus-io/milvus/internal/querynode/data_sync_service.go:102.63,103.71 1 0
github.com/milvus-io/milvus/internal/querynode/data_sync_service.go:107.3,107.53 1 0
github.com/milvus-io/milvus/internal/querynode/data_sync_service.go:103.71,106.4 1 0
github.com/milvus-io/milvus/internal/querynode/data_sync_service.go:113.128,117.61 3 0
github.com/milvus-io/milvus/internal/querynode/data_sync_service.go:120.2,121.37 2 0
github.com/milvus-io/milvus/internal/querynode/data_sync_service.go:132.2,132.12 1 0
github.com/milvus-io/milvus/internal/querynode/data_sync_service.go:117.61,119.3 1 0
github.com/milvus-io/milvus/internal/querynode/data_sync_service.go:121.37,131.3 2 0
github.com/milvus-io/milvus/internal/querynode/data_sync_service.go:135.111,139.62 3 0
github.com/milvus-io/milvus/internal/querynode/data_sync_service.go:142.2,142.56 1 0
github.com/milvus-io/milvus/internal/querynode/data_sync_service.go:139.62,141.3 1 0
github.com/milvus-io/milvus/internal/querynode/data_sync_service.go:145.87,149.62 3 0
github.com/milvus-io/milvus/internal/querynode/data_sync_service.go:152.2,152.64 1 0
github.com/milvus-io/milvus/internal/querynode/data_sync_service.go:156.2,156.12 1 0
github.com/milvus-io/milvus/internal/querynode/data_sync_service.go:149.62,151.3 1 0
github.com/milvus-io/milvus/internal/querynode/data_sync_service.go:152.64,155.3 1 0
github.com/milvus-io/milvus/internal/querynode/data_sync_service.go:159.82,163.61 3 0
github.com/milvus-io/milvus/internal/querynode/data_sync_service.go:170.2,170.52 1 0
github.com/milvus-io/milvus/internal/querynode/data_sync_service.go:163.61,164.69 1 0
github.com/milvus-io/milvus/internal/querynode/data_sync_service.go:168.3,168.51 1 0
github.com/milvus-io/milvus/internal/querynode/data_sync_service.go:164.69,167.4 1 0
github.com/milvus-io/milvus/internal/querynode/data_sync_service.go:176.46,186.2 1 23
github.com/milvus-io/milvus/internal/querynode/data_sync_service.go:188.43,189.57 1 23
github.com/milvus-io/milvus/internal/querynode/data_sync_service.go:196.2,196.56 1 23
github.com/milvus-io/milvus/internal/querynode/data_sync_service.go:203.2,204.74 2 23
github.com/milvus-io/milvus/internal/querynode/data_sync_service.go:189.57,190.34 1 1
github.com/milvus-io/milvus/internal/querynode/data_sync_service.go:190.34,191.21 1 1
github.com/milvus-io/milvus/internal/querynode/data_sync_service.go:191.21,193.5 1 1
github.com/milvus-io/milvus/internal/querynode/data_sync_service.go:196.56,197.34 1 0
github.com/milvus-io/milvus/internal/querynode/data_sync_service.go:197.34,198.21 1 0
github.com/milvus-io/milvus/internal/querynode/data_sync_service.go:198.21,200.5 1 0
github.com/milvus-io/milvus/internal/querynode/flow_graph_delete_node.go:19.40,21.2 1 0
github.com/milvus-io/milvus/internal/querynode/flow_graph_delete_node.go:23.52,25.2 1 0
github.com/milvus-io/milvus/internal/querynode/flow_graph_delete_node.go:27.34,38.2 6 0
