mode: set
github.com/milvus-io/milvus/internal/util/replicateutil/util.go:12.115,13.47 1 1
github.com/milvus-io/milvus/internal/util/replicateutil/util.go:13.47,14.42 1 1
github.com/milvus-io/milvus/internal/util/replicateutil/util.go:14.42,16.4 1 1
github.com/milvus-io/milvus/internal/util/replicateutil/util.go:18.2,18.86 1 1
github.com/milvus-io/milvus/internal/util/replicateutil/util.go:21.110,22.47 1 1
github.com/milvus-io/milvus/internal/util/replicateutil/util.go:22.47,23.42 1 1
github.com/milvus-io/milvus/internal/util/replicateutil/util.go:23.42,25.4 1 1
github.com/milvus-io/milvus/internal/util/replicateutil/util.go:27.2,27.82 1 1
github.com/milvus-io/milvus/internal/util/replicateutil/util.go:30.113,31.47 1 1
github.com/milvus-io/milvus/internal/util/replicateutil/util.go:31.47,32.50 1 1
github.com/milvus-io/milvus/internal/util/replicateutil/util.go:32.50,33.27 1 1
github.com/milvus-io/milvus/internal/util/replicateutil/util.go:33.27,35.5 1 1
github.com/milvus-io/milvus/internal/util/replicateutil/util.go:38.2,38.82 1 1
github.com/milvus-io/milvus/internal/util/replicateutil/util.go:41.129,44.56 3 1
github.com/milvus-io/milvus/internal/util/replicateutil/util.go:44.56,45.36 1 1
github.com/milvus-io/milvus/internal/util/replicateutil/util.go:45.36,47.4 1 1
github.com/milvus-io/milvus/internal/util/replicateutil/util.go:49.2,49.122 1 0
github.com/milvus-io/milvus/internal/util/replicateutil/util.go:52.129,55.56 3 1
github.com/milvus-io/milvus/internal/util/replicateutil/util.go:55.56,56.36 1 1
github.com/milvus-io/milvus/internal/util/replicateutil/util.go:56.36,58.4 1 1
github.com/milvus-io/milvus/internal/util/replicateutil/util.go:60.2,60.122 1 0
github.com/milvus-io/milvus/internal/util/replicateutil/util.go:63.75,66.131 3 1
github.com/milvus-io/milvus/internal/util/replicateutil/util.go:66.131,68.3 1 1
github.com/milvus-io/milvus/internal/util/replicateutil/util.go:69.2,70.153 2 1
github.com/milvus-io/milvus/internal/util/replicateutil/util.go:70.153,72.3 1 1
github.com/milvus-io/milvus/internal/util/replicateutil/util.go:73.2,73.47 1 1
github.com/milvus-io/milvus/internal/util/replicateutil/util.go:73.47,76.3 1 1
github.com/milvus-io/milvus/internal/util/replicateutil/util.go:77.2,77.15 1 1
