mode: set
github.com/milvus-io/milvus/internal/util/hookutil/cipher.go:45.30,48.2 2 1
github.com/milvus-io/milvus/internal/util/hookutil/cipher.go:50.39,52.2 1 1
github.com/milvus-io/milvus/internal/util/hookutil/cipher.go:75.93,76.30 1 1
github.com/milvus-io/milvus/internal/util/hookutil/cipher.go:76.30,81.3 1 1
github.com/milvus-io/milvus/internal/util/hookutil/cipher.go:82.2,82.42 1 1
github.com/milvus-io/milvus/internal/util/hookutil/cipher.go:82.42,83.40 1 1
github.com/milvus-io/milvus/internal/util/hookutil/cipher.go:83.40,89.4 2 1
github.com/milvus-io/milvus/internal/util/hookutil/cipher.go:91.2,91.12 1 1
github.com/milvus-io/milvus/internal/util/hookutil/cipher.go:94.102,95.40 1 1
github.com/milvus-io/milvus/internal/util/hookutil/cipher.go:95.40,96.35 1 1
github.com/milvus-io/milvus/internal/util/hookutil/cipher.go:96.35,98.4 1 1
github.com/milvus-io/milvus/internal/util/hookutil/cipher.go:99.3,99.41 1 1
github.com/milvus-io/milvus/internal/util/hookutil/cipher.go:99.41,100.44 1 1
github.com/milvus-io/milvus/internal/util/hookutil/cipher.go:100.44,102.5 1 1
github.com/milvus-io/milvus/internal/util/hookutil/cipher.go:106.3,109.5 1 1
github.com/milvus-io/milvus/internal/util/hookutil/cipher.go:111.2,111.26 1 1
github.com/milvus-io/milvus/internal/util/hookutil/cipher.go:114.71,115.40 1 1
github.com/milvus-io/milvus/internal/util/hookutil/cipher.go:115.40,116.43 1 1
github.com/milvus-io/milvus/internal/util/hookutil/cipher.go:116.43,118.4 1 1
github.com/milvus-io/milvus/internal/util/hookutil/cipher.go:120.2,120.14 1 1
github.com/milvus-io/milvus/internal/util/hookutil/cipher.go:123.79,124.40 1 1
github.com/milvus-io/milvus/internal/util/hookutil/cipher.go:124.40,125.43 1 1
github.com/milvus-io/milvus/internal/util/hookutil/cipher.go:125.43,127.4 1 1
github.com/milvus-io/milvus/internal/util/hookutil/cipher.go:129.2,129.63 1 1
github.com/milvus-io/milvus/internal/util/hookutil/cipher.go:133.23,136.2 2 1
github.com/milvus-io/milvus/internal/util/hookutil/cipher.go:145.38,147.2 1 1
github.com/milvus-io/milvus/internal/util/hookutil/cipher.go:149.25,153.18 3 1
github.com/milvus-io/milvus/internal/util/hookutil/cipher.go:153.18,156.3 2 1
github.com/milvus-io/milvus/internal/util/hookutil/cipher.go:158.2,159.19 2 0
github.com/milvus-io/milvus/internal/util/hookutil/cipher.go:159.19,162.3 2 0
github.com/milvus-io/milvus/internal/util/hookutil/cipher.go:164.2,166.16 3 0
github.com/milvus-io/milvus/internal/util/hookutil/cipher.go:166.16,168.3 1 0
github.com/milvus-io/milvus/internal/util/hookutil/cipher.go:169.2,172.16 3 0
github.com/milvus-io/milvus/internal/util/hookutil/cipher.go:172.16,174.3 1 0
github.com/milvus-io/milvus/internal/util/hookutil/cipher.go:176.2,179.9 4 0
github.com/milvus-io/milvus/internal/util/hookutil/cipher.go:179.9,181.3 1 0
github.com/milvus-io/milvus/internal/util/hookutil/cipher.go:183.2,185.51 3 0
github.com/milvus-io/milvus/internal/util/hookutil/cipher.go:185.51,187.3 1 0
github.com/milvus-io/milvus/internal/util/hookutil/cipher.go:188.2,189.12 2 0
github.com/milvus-io/milvus/internal/util/hookutil/cipher.go:192.23,193.27 1 1
github.com/milvus-io/milvus/internal/util/hookutil/cipher.go:193.27,195.17 2 1
github.com/milvus-io/milvus/internal/util/hookutil/cipher.go:195.17,200.4 1 0
github.com/milvus-io/milvus/internal/util/hookutil/cipher.go:213.58,215.2 1 1
github.com/milvus-io/milvus/internal/util/hookutil/cipher.go:217.114,219.2 1 1
github.com/milvus-io/milvus/internal/util/hookutil/cipher.go:221.100,223.2 1 1
github.com/milvus-io/milvus/internal/util/hookutil/cipher.go:225.67,227.2 1 1
github.com/milvus-io/milvus/internal/util/hookutil/cipher.go:234.68,236.2 1 1
github.com/milvus-io/milvus/internal/util/hookutil/cipher.go:238.82,240.2 1 1
github.com/milvus-io/milvus/internal/util/hookutil/cipher.go:242.82,244.2 1 1
github.com/milvus-io/milvus/internal/util/hookutil/default.go:33.63,35.2 1 1
github.com/milvus-io/milvus/internal/util/hookutil/default.go:37.59,39.2 1 1
github.com/milvus-io/milvus/internal/util/hookutil/default.go:41.111,43.2 1 0
github.com/milvus-io/milvus/internal/util/hookutil/default.go:45.111,47.2 1 0
github.com/milvus-io/milvus/internal/util/hookutil/default.go:49.105,51.2 1 0
github.com/milvus-io/milvus/internal/util/hookutil/default.go:53.33,53.34 0 1
github.com/milvus-io/milvus/internal/util/hookutil/default.go:59.48,61.2 1 0
github.com/milvus-io/milvus/internal/util/hookutil/default.go:63.133,65.2 1 0
github.com/milvus-io/milvus/internal/util/hookutil/hook.go:56.32,58.2 1 1
github.com/milvus-io/milvus/internal/util/hookutil/hook.go:60.41,62.2 1 1
github.com/milvus-io/milvus/internal/util/hookutil/hook.go:64.23,70.16 4 1
github.com/milvus-io/milvus/internal/util/hookutil/hook.go:70.16,73.3 2 1
github.com/milvus-io/milvus/internal/util/hookutil/hook.go:75.2,79.16 5 1
github.com/milvus-io/milvus/internal/util/hookutil/hook.go:79.16,81.3 1 1
github.com/milvus-io/milvus/internal/util/hookutil/hook.go:82.2,85.16 3 0
github.com/milvus-io/milvus/internal/util/hookutil/hook.go:85.16,87.3 1 0
github.com/milvus-io/milvus/internal/util/hookutil/hook.go:89.2,92.9 4 0
github.com/milvus-io/milvus/internal/util/hookutil/hook.go:92.9,94.3 1 0
github.com/milvus-io/milvus/internal/util/hookutil/hook.go:95.2,95.84 1 0
github.com/milvus-io/milvus/internal/util/hookutil/hook.go:95.84,97.3 1 0
github.com/milvus-io/milvus/internal/util/hookutil/hook.go:98.2,99.93 2 0
github.com/milvus-io/milvus/internal/util/hookutil/hook.go:99.93,101.13 2 0
github.com/milvus-io/milvus/internal/util/hookutil/hook.go:101.13,105.48 4 0
github.com/milvus-io/milvus/internal/util/hookutil/hook.go:105.48,107.5 1 0
github.com/milvus-io/milvus/internal/util/hookutil/hook.go:108.4,108.22 1 0
github.com/milvus-io/milvus/internal/util/hookutil/hook.go:112.2,113.16 2 0
github.com/milvus-io/milvus/internal/util/hookutil/hook.go:113.16,115.3 1 0
github.com/milvus-io/milvus/internal/util/hookutil/hook.go:116.2,118.9 3 0
github.com/milvus-io/milvus/internal/util/hookutil/hook.go:118.9,120.3 1 0
github.com/milvus-io/milvus/internal/util/hookutil/hook.go:121.2,123.12 2 0
github.com/milvus-io/milvus/internal/util/hookutil/hook.go:126.21,127.21 1 1
github.com/milvus-io/milvus/internal/util/hookutil/hook.go:127.21,129.17 2 1
github.com/milvus-io/milvus/internal/util/hookutil/hook.go:129.17,131.66 2 1
github.com/milvus-io/milvus/internal/util/hookutil/hook.go:131.66,133.5 1 1
github.com/milvus-io/milvus/internal/util/hookutil/hook.go:134.4,136.20 1 1
github.com/milvus-io/milvus/internal/util/hookutil/hook.go:142.26,145.2 2 1
github.com/milvus-io/milvus/internal/util/hookutil/hook.go:148.36,151.2 2 0
github.com/milvus-io/milvus/internal/util/hookutil/mutex.go:28.21,30.2 1 1
github.com/milvus-io/milvus/internal/util/hookutil/mutex.go:32.23,34.2 1 1
